------Start of DE processing------ = [11/2/19 13:17:36:935 CST]
Exception = javax.servlet.ServletException
Source = com.ibm.ws.webcontainer.filter.WebAppFilterChain.doFilter
probeid = 82
Stack Dump = javax.servlet.ServletException: java.io.EOFException: No content to map to Object due to end of input
	at com.ibm.ws.jaxrs20.endpoint.AbstractJaxRsWebEndpoint.invoke(AbstractJaxRsWebEndpoint.java:138)
	at com.ibm.websphere.jaxrs.server.IBMRestServlet.handleRequest(IBMRestServlet.java:146)
	at com.ibm.websphere.jaxrs.server.IBMRestServlet.doPost(IBMRestServlet.java:104)
	at javax.servlet.http.HttpServlet.service(HttpServlet.java:707)
	at com.ibm.websphere.jaxrs.server.IBMRestServlet.service(IBMRestServlet.java:96)
	at com.ibm.ws.webcontainer.servlet.ServletWrapper.service(ServletWrapper.java:1230)
	at com.ibm.ws.webcontainer.servlet.ServletWrapper.handleRequest(ServletWrapper.java:729)
	at com.ibm.ws.webcontainer.servlet.ServletWrapper.handleRequest(ServletWrapper.java:426)
	at com.ibm.ws.webcontainer.filter.WebAppFilterChain.invokeTarget(WebAppFilterChain.java:182)
	at com.ibm.ws.webcontainer.filter.WebAppFilterChain.doFilter(WebAppFilterChain.java:93)
	at com.ibm.ws.security.jaspi.JaspiServletFilter.doFilter(JaspiServletFilter.java:56)
	at com.ibm.ws.webcontainer.filter.FilterInstanceWrapper.doFilter(FilterInstanceWrapper.java:201)
	at com.ibm.ws.webcontainer.filter.WebAppFilterChain.doFilter(WebAppFilterChain.java:90)
	at com.ibm.ws.webcontainer.filter.WebAppFilterManager.doFilter(WebAppFilterManager.java:993)
	at com.ibm.ws.webcontainer.filter.WebAppFilterManager.invokeFilters(WebAppFilterManager.java:1131)
	at com.ibm.ws.webcontainer.filter.WebAppFilterManager.invokeFilters(WebAppFilterManager.java:1002)
	at com.ibm.ws.webcontainer.servlet.CacheServletWrapper.handleRequest(CacheServletWrapper.java:75)
	at com.ibm.ws.webcontainer.WebContainer.handleRequest(WebContainer.java:938)
	at com.ibm.ws.webcontainer.osgi.DynamicVirtualHost$2.run(DynamicVirtualHost.java:279)
	at com.ibm.ws.http.dispatcher.internal.channel.HttpDispatcherLink$TaskWrapper.run(HttpDispatcherLink.java:1136)
	at com.ibm.ws.http.dispatcher.internal.channel.HttpDispatcherLink.wrapHandlerAndExecute(HttpDispatcherLink.java:417)
	at com.ibm.ws.http.dispatcher.internal.channel.HttpDispatcherLink.ready(HttpDispatcherLink.java:376)
	at com.ibm.ws.http.channel.internal.inbound.HttpInboundLink.handleDiscrimination(HttpInboundLink.java:547)
	at com.ibm.ws.http.channel.internal.inbound.HttpInboundLink.handleNewRequest(HttpInboundLink.java:481)
	at com.ibm.ws.http.channel.internal.inbound.HttpInboundLink.processRequest(HttpInboundLink.java:346)
	at com.ibm.ws.http.channel.internal.inbound.HttpInboundLink.ready(HttpInboundLink.java:317)
	at com.ibm.ws.tcpchannel.internal.NewConnectionInitialReadCallback.sendToDiscriminators(NewConnectionInitialReadCallback.java:165)
	at com.ibm.ws.tcpchannel.internal.NewConnectionInitialReadCallback.complete(NewConnectionInitialReadCallback.java:74)
	at com.ibm.ws.tcpchannel.internal.WorkQueueManager.requestComplete(WorkQueueManager.java:503)
	at com.ibm.ws.tcpchannel.internal.WorkQueueManager.attemptIO(WorkQueueManager.java:573)
	at com.ibm.ws.tcpchannel.internal.WorkQueueManager.workerRun(WorkQueueManager.java:954)
	at com.ibm.ws.tcpchannel.internal.WorkQueueManager$Worker.run(WorkQueueManager.java:1043)
	at com.ibm.ws.threading.internal.ExecutorServiceImpl$RunnableWrapper.run(ExecutorServiceImpl.java:239)
	at java.util.concurrent.ThreadPoolExecutor.runWorker(ThreadPoolExecutor.java:1149)
	at java.util.concurrent.ThreadPoolExecutor$Worker.run(ThreadPoolExecutor.java:624)
	at java.lang.Thread.run(Thread.java:748)
Caused by: java.io.EOFException: No content to map to Object due to end of input
	at org.codehaus.jackson.map.ObjectMapper._initForReading(ObjectMapper.java:2775)
	at org.codehaus.jackson.map.ObjectMapper._readValue(ObjectMapper.java:2691)
	at org.codehaus.jackson.map.ObjectMapper.readValue(ObjectMapper.java:1315)
	at org.codehaus.jackson.jaxrs.JacksonJsonProvider.readFrom(JacksonJsonProvider.java:419)
	at org.apache.cxf.jaxrs.utils.JAXRSUtils$2.run(JAXRSUtils.java:1431)
	at java.security.AccessController.doPrivileged(Native Method)
	at org.apache.cxf.jaxrs.utils.JAXRSUtils.readFromMessageBodyReader(JAXRSUtils.java:1428)
	at org.apache.cxf.jaxrs.utils.JAXRSUtils.readFromMessageBody(JAXRSUtils.java:1377)
	at org.apache.cxf.jaxrs.utils.JAXRSUtils.processParameter(JAXRSUtils.java:902)
	at org.apache.cxf.jaxrs.utils.JAXRSUtils.processParameters(JAXRSUtils.java:849)
	at org.apache.cxf.jaxrs.interceptor.JAXRSInInterceptor.processRequest(JAXRSInInterceptor.java:288)
	at org.apache.cxf.jaxrs.interceptor.JAXRSInInterceptor.handleMessage(JAXRSInInterceptor.java:90)
	at org.apache.cxf.phase.PhaseInterceptorChain.doIntercept(PhaseInterceptorChain.java:309)
	at org.apache.cxf.transport.ChainInitiationObserver.onMessage(ChainInitiationObserver.java:124)
	at org.apache.cxf.transport.http.AbstractHTTPDestination.invoke(AbstractHTTPDestination.java:271)
	at com.ibm.ws.jaxrs20.endpoint.AbstractJaxRsWebEndpoint.invoke(AbstractJaxRsWebEndpoint.java:134)
	... 35 more

Dump of callerThis
Object type = com.ibm.ws.webcontainer.filter.WebAppFilterChain
  _filters = class java.util.ArrayList@20d8afc4
    serialVersionUID = 8683452581122892189
    DEFAULT_CAPACITY = 10
    EMPTY_ELEMENTDATA = class java.lang.Object[0]
    DEFAULTCAPACITY_EMPTY_ELEMENTDATA = class java.lang.Object[0]
    elementData = class java.lang.Object[5]
      Object[0] = class com.ibm.ws.webcontainer.filter.FilterInstanceWrapper@30ade3ab
      Object[1] = null
      Object[2] = null
      Object[3] = null
      Object[4] = null
    size = 1
    MAX_ARRAY_SIZE = 2147483639
    modCount = 1
    MAX_ARRAY_SIZE = 2147483639
  _currentFilterIndex = 1
  _numberOfFilters = 1
  requestProcessor = class com.ibm.ws.webcontainer.osgi.servlet.ServletWrapper@8e3082e
    serialVersionUID = 1
    _mo = null
    serialVersionUID = -4479626085298397598
    notifyInvocationListeners = false
    UNINITIALIZED_STATE = -1
    AVAILABLE_STATE = 0
    UNAVAILABLE_STATE = 1
    UNAVAILABLE_PERMANENTLY_STATE = 2
    collabHelper = class com.ibm.ws.webcontainer.osgi.collaborator.CollaboratorHelperImpl@299ec844
    nServicing = class java.util.concurrent.atomic.AtomicInteger@6225cbbe
      serialVersionUID = 6214790243416807050
      unsafe = class sun.misc.Unsafe@5b4d030b
      valueOffset = 12
      value = 0
      serialVersionUID = -8742448824652078965
    lastAccessTime = 1572719280654
    state = 0
    logger = class com.ibm.ws.logging.internal.WsLogger@38454583
      tc = class com.ibm.websphere.ras.TraceComponent@30fd63e8
      ivCachedResourceBundleName = "com.ibm.ws.webcontainer.resources.Messages"
      ivCachedResourceBundle = class com.ibm.ws.webcontainer.resources.Messages@4ed96b04
      ivComponent = null
      ivOrganization = null
      ivProduct = null
      ivMinimumLocalizationLevelIntValue = 625
      ivTC = class com.ibm.websphere.ras.TraceComponent@7a8a6310
      loggerRegistrationComponent = class java.lang.ThreadLocal@7f3b8023
      emptyHandlers = class java.util.logging.Handler[0]
      offValue = 2147483647
      SYSTEM_LOGGER_RB_NAME = "sun.util.logging.resources.logging"
      SYSTEM_BUNDLE = class java.util.logging.Logger$LoggerBundle@94c1496
      NO_RESOURCE_BUNDLE = class java.util.logging.Logger$LoggerBundle@cc8cff0
      manager = class com.ibm.ws.kernel.boot.logging.WsLogManager@2f517cd2
      name = "com.ibm.ws.webcontainer.servlet"
      handlers = class java.util.concurrent.CopyOnWriteArrayList@1d2cd49e
      loggerBundle = class java.util.logging.Logger$LoggerBundle@742d9b09
      useParentHandlers = true
      filter = null
      anonymous = false
      catalog = class com.ibm.ws.webcontainer.resources.Messages@4ed96b04
      catalogName = "com.ibm.ws.webcontainer.resources.Messages"
      catalogLocale = class java.util.Locale@3e507d33
      treeLock = class java.lang.Object@1a4321c7
      parent = class com.ibm.ws.logging.internal.WsLogger@61b09e35
      kids = null
      levelObject = class java.util.logging.Level@79dda4d9
      levelValue = 800
      callersClassLoaderRef = class java.lang.ref.WeakReference@44d9f734
      isSystemLogger = false
      GLOBAL_LOGGER_NAME = "global"
      global = class java.util.logging.Logger@4717bb71
      $assertionsDisabled = true
    CLASS_NAME = "com.ibm.ws.webcontainer.servlet.ServletWrapper"
    nls = class com.ibm.ejs.ras.TraceNLS@4f0a48fc
      resolver = class com.ibm.ws.logging.internal.TraceNLSResolver@551eb760
      finder = class com.ibm.ws.logging.internal.StackFinder@7ddb947e
      ivBundleName = "com.ibm.ws.webcontainer.resources.Messages"
      caller = class java.lang.Class@2f197242
    servletConfig = class com.ibm.ws.webcontainer.servlet.ServletConfig@36a977b1
      logger = class com.ibm.ws.logging.internal.WsLogger@38454583
      CLASS_NAME = "com.ibm.ws.webcontainer.servlet.ServletConfig"
      nls = class com.ibm.ejs.ras.TraceNLS@1eac7fc6
      liberty_nls = class com.ibm.ejs.ras.TraceNLS@2cc772be
      enabled = true
      servletName = "cr.ac.tec.graph.api.resources.RESTApplication"
      className = null
      mappings = class java.util.ArrayList@67372336
      startUpWeight = null
      DEFAULT_STARTUP = -1
      isCachingEnabled = true
      isStatisticsEnabled = true
      isInternal = false
      metaData = class com.ibm.ws.webcontainer.osgi.metadata.WebComponentMetaDataImpl@7893f88f
      singleThreadModelServlet = false
      isJsp = false
      webAppConfig = class com.ibm.ws.webcontainer.osgi.webapp.WebAppConfiguration@754c0b0e
      servletWrapper = class com.ibm.ws.webcontainer.osgi.servlet.ServletWrapper@8e3082e
      servletClass = class java.lang.Class@1f26d90e
      servlet = class com.ibm.websphere.jaxrs.server.IBMRestServlet@4156774f
      addedToLoadOnStartup = true
      previousWeight = null
      multipartConfig = null
      multipartConfigBaseLocation = null
      runAsRole = null
      servletSecurityElement = null
      declareRolesAnnotation = null
      logger = class com.ibm.ws.logging.internal.WsLogger@38454583
      CLASS_NAME = "com.ibm.ws.webcontainer.servlet.TargetConfig"
      initParams = null
      fileName = null
      displayName = null
      name = "cr.ac.tec.graph.api.resources.RESTApplication"
      description = null
      smallIcon = null
      largeIcon = null
      context = class com.ibm.ws.webcontainer31.facade.ServletContextFacade31@4465d0dc
      className = null
      asyncSupported = true
      _id = "cr.ac.tec.graph.api.resources.RESTApplication"
      _attributes = null
      serialVersionUID = 7511545662945734886
      $$$tc$$$ = class com.ibm.websphere.ras.TraceComponent@720382f0
    context = class com.ibm.ws.webcontainer31.osgi.webapp.WebApp31@dd23ad5
    target = class com.ibm.websphere.jaxrs.server.IBMRestServlet@4156774f
      serialVersionUID = -6835560282014155024
      KNOWN_HTTP_VERBS = class java.util.Arrays$ArrayList@60fe4dad
      HTML_CONTENT_TYPE = "text/html"
      endpoint = class com.ibm.ws.jaxrs20.server.JaxRsWebEndpointImpl@1a3cff90
      collaborator = class com.ibm.ws.webcontainer.osgi.collaborator.WebAppNameSpaceCollaboratorImpl@2320d667
      providerFactoryService = class com.ibm.ws.jaxrs20.component.JaxRsProviderFactory@78f0ae1d
      $$$tc$$$ = class com.ibm.websphere.ras.TraceComponent@23fe8801
      METHOD_DELETE = "DELETE"
      METHOD_HEAD = "HEAD"
      METHOD_GET = "GET"
      METHOD_OPTIONS = "OPTIONS"
      METHOD_POST = "POST"
      METHOD_PUT = "PUT"
      METHOD_TRACE = "TRACE"
      HEADER_IFMODSINCE = "If-Modified-Since"
      HEADER_LASTMOD = "Last-Modified"
      LSTRING_FILE = "javax.servlet.http.LocalStrings"
      lStrings = class java.util.PropertyResourceBundle@7228c013
      LSTRING_FILE = "javax.servlet.LocalStrings"
      lStrings = class java.util.PropertyResourceBundle@7311cd4a
      config = class com.ibm.ws.webcontainer.servlet.ServletConfig@36a977b1
    cacheWrappers = class java.util.ArrayList@2be5a83d
      serialVersionUID = 8683452581122892189
      DEFAULT_CAPACITY = 10
      EMPTY_ELEMENTDATA = class java.lang.Object[0]
      DEFAULTCAPACITY_EMPTY_ELEMENTDATA = class java.lang.Object[0]
      elementData = class java.lang.Object[10]
      size = 9
      MAX_ARRAY_SIZE = 2147483639
      modCount = 9
      MAX_ARRAY_SIZE = 2147483639
    targetLoader = null
    evtSource = class com.ibm.ws.webcontainer.webapp.WebAppEventSource@746699ed
    event = class com.ibm.websphere.servlet.event.ServletEvent@38d2d4e4
      serialVersionUID = 3906650803920713522
      _servletName = "cr.ac.tec.graph.api.resources.RESTApplication"
      _servletClassName = "com.ibm.websphere.jaxrs.server.IBMRestServlet"
      $$$tc$$$ = class com.ibm.websphere.ras.TraceComponent@309cb8b
      serialVersionUID = 3546927969739289392
      _context = class com.ibm.ws.webcontainer31.facade.ServletContextFacade31@4465d0dc
      _servletNames = class com.ibm.ws.webcontainer.util.EmptyEnumeration@1390817f
      $$$tc$$$ = class com.ibm.websphere.ras.TraceComponent@64357250
      serialVersionUID = 5516075349620653480
      source = class com.ibm.ws.webcontainer.osgi.servlet.ServletWrapper@8e3082e
    unavailableMessage = null
    unavailableUntil = -1
    isSTM = false
    internalServlet = false
    webAppInvocationCollaborators = null
    platformHelper = class com.ibm.ws.webcontainer.PlatformHelper@258226aa
    webAppNameSpaceCollab = class com.ibm.ws.webcontainer.osgi.collaborator.WebAppNameSpaceCollaboratorImpl@2320d667
    txCollab = class com.ibm.ws.transaction.services.WebAppTransactionCollaboratorImpl@63c99a1f
    suppressServletExceptionLogging = false
    throwExceptionEnum = class java.util.RegularEnumSet@4d920776
      serialVersionUID = 3411599620347842686
      elements = 256
      elementType = class java.lang.Class@4ccf5146
      universe = class com.ibm.wsspi.webcontainer.collaborator.CollaboratorInvocationEnum[9]
      ZERO_LENGTH_ENUM_ARRAY = class java.lang.Enum[0]
      MAX_ARRAY_SIZE = 2147483639
    discernUnavailableServlet = false
    reInitServletonInitUnavailableException = true
    destroyServletonServiceUnavailableException = false
    servlet23 = true
    PARAMS_HEAD_TRACE = class java.lang.Class[2]
      Class[0] = class java.lang.Class@1536f5a
      Class[1] = class java.lang.Class@322a8540
    defaultHeadMethodInUse = false
    defaultTraceMethodInUse = false
    checkedForDefaultMethods = null
    defaultTraceRequestBehavior = false
    defaultHeadRequestBehavior = false
    useOriginalRequestState = false
    warningStatusSet = false
    LSTRING_FILE = "javax.servlet.LocalStrings"
    lStrings = class java.util.PropertyResourceBundle@7311cd4a
      lookup = class java.util.HashMap@15f7529a
      INITIAL_CACHE_SIZE = 32
      NONEXISTENT_BUNDLE = class java.util.ResourceBundle$1@3f108cde
      cacheList = class java.util.concurrent.ConcurrentHashMap@2405e49a
      referenceQueue = class java.lang.ref.ReferenceQueue@2fb0c8dc
      parent = null
      locale = class java.util.Locale@56491ff5
      name = "javax.servlet.LocalStrings"
      expired = false
      cacheKey = class java.util.ResourceBundle$CacheKey@2e37252
      keySet = null
      providers = null
      $assertionsDisabled = true
    config = null
  _filtersDefined = true
  logger = class com.ibm.ws.logging.internal.WsLogger@f83a931
    tc = class com.ibm.websphere.ras.TraceComponent@30fd63e8
      strings[0] = "TraceComponent[com.ibm.ws.logging.internal.WsLogger,class com.ibm.ws.logging.internal.WsLogger,[logging],com.ibm.ws.logging.internal.resources.LoggingMessages,null]"
    ivCachedResourceBundleName = null
    ivCachedResourceBundle = null
    ivComponent = null
    ivOrganization = null
    ivProduct = null
    ivMinimumLocalizationLevelIntValue = 625
    ivTC = class com.ibm.websphere.ras.TraceComponent@5c9da8cf
      strings[0] = "TraceComponent[com.ibm.ws.webcontainer.filter,class com.ibm.wsspi.webcontainer.logging.LoggerFactory$1,[com.ibm.ws.webcontainer.filter],null,null]"
    loggerRegistrationComponent = class java.lang.ThreadLocal@7f3b8023
      threadLocalHashCode = -591706516
      nextHashCode = class java.util.concurrent.atomic.AtomicInteger@63f531cb
      HASH_INCREMENT = 1640531527
    emptyHandlers = class java.util.logging.Handler[0]
    offValue = 2147483647
    SYSTEM_LOGGER_RB_NAME = "sun.util.logging.resources.logging"
    SYSTEM_BUNDLE = class java.util.logging.Logger$LoggerBundle@94c1496
      resourceBundleName = "sun.util.logging.resources.logging"
      userBundle = null
    NO_RESOURCE_BUNDLE = class java.util.logging.Logger$LoggerBundle@cc8cff0
      resourceBundleName = null
      userBundle = null
    manager = class com.ibm.ws.kernel.boot.logging.WsLogManager@2f517cd2
      CLASS_NAME = "com.ibm.ws.kernel.boot.logging.WsLogManager"
      CONFIGURE_BY_SERVER_PROPERTY_NAME = "java.util.logging.configureByServer"
      CONFIGURE_BY_LOGGING_PROPERTIES_FILE = "java.util.logging.configureByLoggingPropertiesFile"
      configureByServer = true
      configureByLoggingProperties = false
      wsLogger = class java.lang.reflect.Constructor@604fbd3
      resetEnabled = true
      svBinaryLoggingEnable = false
      manager = class com.ibm.ws.kernel.boot.logging.WsLogManager@2f517cd2
      props = class java.util.Properties@1a833b73
      defaultLevel = class java.util.logging.Level@79dda4d9
      listenerMap = class java.util.HashMap@1eda20c0
      systemContext = class java.util.logging.LogManager$SystemLoggerContext@3f219aab
      userContext = class java.util.logging.LogManager$LoggerContext@28372a1c
      rootLogger = class java.util.logging.LogManager$RootLogger@51d5fb65
      readPrimordialConfiguration = true
      initializedGlobalHandlers = true
      deathImminent = false
      initializedCalled = true
      initializationDone = true
      contextsMap = null
      loggerRefQueue = class java.lang.ref.ReferenceQueue@2b6cc4ca
      MAX_ITERATIONS = 400
      controlPermission = class java.util.logging.LoggingPermission@647f2d47
      loggingMXBean = null
      LOGGING_MXBEAN_NAME = "java.util.logging:type=Logging"
      $assertionsDisabled = true
    name = "com.ibm.ws.webcontainer.filter"
    handlers = class java.util.concurrent.CopyOnWriteArrayList@4c2b9090
      serialVersionUID = 8673264195747942595
      lock = class java.util.concurrent.locks.ReentrantLock@7c01ae54
      array = class java.lang.Object[0]
      UNSAFE = class sun.misc.Unsafe@5b4d030b
      lockOffset = 12
    loggerBundle = class java.util.logging.Logger$LoggerBundle@5b1dfd52
      resourceBundleName = "com.ibm.ws.webcontainer.resources.Messages"
      userBundle = null
    useParentHandlers = true
    filter = null
    anonymous = false
    catalog = class com.ibm.ws.webcontainer.resources.Messages@4ed96b04
      resources = class [Ljava.lang.Object;[335]
      lookup = class java.util.HashMap@1cb81c4a
      INITIAL_CACHE_SIZE = 32
      NONEXISTENT_BUNDLE = class java.util.ResourceBundle$1@3f108cde
      cacheList = class java.util.concurrent.ConcurrentHashMap@2405e49a
      referenceQueue = class java.lang.ref.ReferenceQueue@2fb0c8dc
      parent = null
      locale = class java.util.Locale@56491ff5
      name = "com.ibm.ws.webcontainer.resources.Messages"
      expired = false
      cacheKey = class java.util.ResourceBundle$CacheKey@58ac820c
      keySet = null
      providers = null
      $assertionsDisabled = true
    catalogName = "com.ibm.ws.webcontainer.resources.Messages"
    catalogLocale = class java.util.Locale@3e507d33
      LOCALECACHE = class java.util.Locale$Cache@500edfcd
      ENGLISH = class java.util.Locale@59a2826e
      FRENCH = class java.util.Locale@18b0afa1
      GERMAN = class java.util.Locale@4171aab
      ITALIAN = class java.util.Locale@22c14d53
      JAPANESE = class java.util.Locale@6f3d1a97
      KOREAN = class java.util.Locale@72ed6d76
      CHINESE = class java.util.Locale@4e13f3c2
      SIMPLIFIED_CHINESE = class java.util.Locale@66109486
      TRADITIONAL_CHINESE = class java.util.Locale@61fed371
      FRANCE = class java.util.Locale@78e184e5
      GERMANY = class java.util.Locale@293df5d8
      ITALY = class java.util.Locale@4b6bf0dd
      JAPAN = class java.util.Locale@5c99c79a
      KOREA = class java.util.Locale@28abb640
      CHINA = class java.util.Locale@66109486
      PRC = class java.util.Locale@66109486
      TAIWAN = class java.util.Locale@61fed371
      UK = class java.util.Locale@6e7e15b8
      US = class java.util.Locale@7a87edb2
      CANADA = class java.util.Locale@6830506f
      CANADA_FRENCH = class java.util.Locale@1d5cf29f
      ROOT = class java.util.Locale@56491ff5
      PRIVATE_USE_EXTENSION = x
      UNICODE_LOCALE_EXTENSION = u
      serialVersionUID = 9149081749638150636
      DISPLAY_LANGUAGE = 0
      DISPLAY_COUNTRY = 1
      DISPLAY_VARIANT = 2
      DISPLAY_SCRIPT = 3
      baseLocale = class sun.util.locale.BaseLocale@311f759
      localeExtensions = null
      hashCodeValue = 96619560
      defaultLocale = class java.util.Locale@3e507d33
      defaultDisplayLocale = null
      defaultFormatLocale = class java.util.Locale@3e507d33
      languageTag = "en-CR"
      serialPersistentFields = class java.io.ObjectStreamField[6]
      isoLanguages = null
      isoCountries = null
      $assertionsDisabled = true
    treeLock = class java.lang.Object@1a4321c7
    parent = class com.ibm.ws.logging.internal.WsLogger@61b09e35
      tc = class com.ibm.websphere.ras.TraceComponent@30fd63e8
      ivCachedResourceBundleName = "com.ibm.ws.webcontainer.resources.Messages"
      ivCachedResourceBundle = class com.ibm.ws.webcontainer.resources.Messages@4ed96b04
      ivComponent = null
      ivOrganization = null
      ivProduct = null
      ivMinimumLocalizationLevelIntValue = 625
      ivTC = class com.ibm.websphere.ras.TraceComponent@993d03c
      loggerRegistrationComponent = class java.lang.ThreadLocal@7f3b8023
      emptyHandlers = class java.util.logging.Handler[0]
      offValue = 2147483647
      SYSTEM_LOGGER_RB_NAME = "sun.util.logging.resources.logging"
      SYSTEM_BUNDLE = class java.util.logging.Logger$LoggerBundle@94c1496
      NO_RESOURCE_BUNDLE = class java.util.logging.Logger$LoggerBundle@cc8cff0
      manager = class com.ibm.ws.kernel.boot.logging.WsLogManager@2f517cd2
      name = "com.ibm.ws.webcontainer"
      handlers = class java.util.concurrent.CopyOnWriteArrayList@57b817a1
      loggerBundle = class java.util.logging.Logger$LoggerBundle@46ceb080
      useParentHandlers = true
      filter = null
      anonymous = false
      catalog = class com.ibm.ws.webcontainer.resources.Messages@4ed96b04
      catalogName = "com.ibm.ws.webcontainer.resources.Messages"
      catalogLocale = class java.util.Locale@3e507d33
      treeLock = class java.lang.Object@1a4321c7
      parent = class java.util.logging.Logger@16ba03ea
      kids = class java.util.ArrayList@b496607
      levelObject = class java.util.logging.Level@79dda4d9
      levelValue = 800
      callersClassLoaderRef = class java.lang.ref.WeakReference@16c1773c
      isSystemLogger = false
      GLOBAL_LOGGER_NAME = "global"
      global = class java.util.logging.Logger@4717bb71
      $assertionsDisabled = true
    kids = null
    levelObject = class java.util.logging.Level@79dda4d9
      defaultBundle = "sun.util.logging.resources.logging"
      name = "INFO"
      value = 800
      resourceBundleName = "sun.util.logging.resources.logging"
      localizedLevelName = "INFO"
      cachedLocale = class java.util.Locale@3e507d33
      OFF = class java.util.logging.Level@6b98459a
      SEVERE = class java.util.logging.Level@24f9de72
      WARNING = class java.util.logging.Level@14967760
      INFO = class java.util.logging.Level@79dda4d9
      CONFIG = class java.util.logging.Level@7fd74cb9
      FINE = class java.util.logging.Level@56ca724c
      FINER = class java.util.logging.Level@3caa3ca9
      FINEST = class java.util.logging.Level@1b20612b
      ALL = class java.util.logging.Level@5ed74472
      serialVersionUID = -8176160795706313070
    levelValue = 800
    callersClassLoaderRef = class java.lang.ref.WeakReference@3e5edf7a
      referent = class org.eclipse.osgi.internal.loader.EquinoxClassLoader@29be5922
      queue = class java.lang.ref.ReferenceQueue$Null@1300cf19
      next = null
      discovered = null
      lock = class java.lang.ref.Reference$Lock@3d6cd48b
      pending = null
    isSystemLogger = false
    GLOBAL_LOGGER_NAME = "global"
    global = class java.util.logging.Logger@4717bb71
      emptyHandlers = class java.util.logging.Handler[0]
      offValue = 2147483647
      SYSTEM_LOGGER_RB_NAME = "sun.util.logging.resources.logging"
      SYSTEM_BUNDLE = class java.util.logging.Logger$LoggerBundle@94c1496
      NO_RESOURCE_BUNDLE = class java.util.logging.Logger$LoggerBundle@cc8cff0
      manager = class com.ibm.ws.kernel.boot.logging.WsLogManager@2f517cd2
      name = "global"
      handlers = class java.util.concurrent.CopyOnWriteArrayList@4cf349d0
      loggerBundle = class java.util.logging.Logger$LoggerBundle@cc8cff0
      useParentHandlers = true
      filter = null
      anonymous = false
      catalog = null
      catalogName = null
      catalogLocale = null
      treeLock = class java.lang.Object@1a4321c7
      parent = class java.util.logging.LogManager$RootLogger@51d5fb65
      kids = null
      levelObject = null
      levelValue = 800
      callersClassLoaderRef = null
      isSystemLogger = true
      GLOBAL_LOGGER_NAME = "global"
      global = class java.util.logging.Logger@4717bb71
      $assertionsDisabled = true
    $assertionsDisabled = true
  CLASS_NAME = "com.ibm.ws.webcontainer.filter.WebAppFilterChain"
  webapp = class com.ibm.ws.webcontainer31.osgi.webapp.WebApp31@dd23ad5
    tc = class com.ibm.websphere.ras.TraceComponent@4fdf6a9a
      strings[0] = "TraceComponent[com.ibm.ws.webcontainer31.osgi.webapp.WebApp31,class com.ibm.ws.webcontainer31.osgi.webapp.WebApp31,[webcontainer],com.ibm.ws.webcontainer31.resources.Messages,null]"
    CLASS_NAME = "com.ibm.ws.webcontainer31.osgi.webapp.WebApp31"
    servlet31NLS = class com.ibm.ejs.ras.TraceNLS@5bfa4dab
      resolver = class com.ibm.ws.logging.internal.TraceNLSResolver@551eb760
      finder = class com.ibm.ws.logging.internal.StackFinder@7ddb947e
      ivBundleName = "com.ibm.ws.webcontainer31.resources.Messages"
      caller = class java.lang.Class@bddfbfd
    validListenerClasses = class java.lang.Class[7]
      Class[0] = class java.lang.Class@22de1da1
      Class[1] = class java.lang.Class@792d29a9
      Class[2] = class java.lang.Class@65d4795d
      Class[3] = class java.lang.Class@7d523cfa
      Class[4] = class java.lang.Class@2f3315e4
      Class[5] = class java.lang.Class@3f4311ca
      Class[6] = class java.lang.Class@1ca087ca
    wsocServHandler = class com.ibm.ws.wsoc.external.WsocHandlerImpl@a60bd6f
      tc = class com.ibm.websphere.ras.TraceComponent@154618f5
      noMoreAddsCalled = true
      serialVersionUID = -2067291126638824067
    tc = class com.ibm.websphere.ras.TraceComponent@190b6daf
      strings[0] = "TraceComponent[com.ibm.ws.webcontainer.osgi.webapp.WebApp,class com.ibm.ws.webcontainer.osgi.webapp.WebApp,[webcontainer],com.ibm.ws.webcontainer.resources.LShimMessages,null]"
    CLASS_NAME = "com.ibm.ws.webcontainer.osgi.webapp.WebApp"
    metaDataService = class com.ibm.ws.container.service.metadata.internal.MetaDataServiceImpl@679822b3
      applicationMetaDataManager = class com.ibm.ws.container.service.metadata.internal.ApplicationMetaDataManager@34f1f69b
      moduleMetaDataManager = class com.ibm.ws.container.service.metadata.internal.ModuleMetaDataManager@1eb5f85a
      componentMetaDataManager = class com.ibm.ws.container.service.metadata.internal.ComponentMetaDataManager@5a13081c
      methodMetaDataManager = class com.ibm.ws.container.service.metadata.internal.MethodMetaDataManager@5fc184e
      appModuleNameToModuleContainer = class java.util.concurrent.ConcurrentHashMap@352867a5
      jeeNameToComponentMetaData = class java.util.concurrent.ConcurrentHashMap@ed60ab5
      deferredMetaDataFactories = class com.ibm.wsspi.kernel.service.utils.ConcurrentServiceReferenceSet@4cc7a09b
      deferredMetaDataInitializers = class com.ibm.wsspi.kernel.service.utils.ConcurrentServiceReferenceMap@299cef25
      serialVersionUID = -2494605732980966097
      $$$tc$$$ = class com.ibm.websphere.ras.TraceComponent@5339ed3a
    namespacePopulated = false
    referenceContext = class com.ibm.ws.injectionengine.osgi.internal.OSGiReferenceContextImpl@799fbdc7
      scopeData = class com.ibm.ws.injectionengine.osgi.internal.OSGiInjectionScopeData@61b5b3b6
      serialVersionUID = 521511923892134915
      $$$tc$$$ = class com.ibm.websphere.ras.TraceComponent@4742725e
      CLASS_NAME = "com.ibm.ws.injectionengine.ReferenceContextImpl"
      tc = class com.ibm.websphere.ras.TraceComponent@5bea2e80
      ivInjectionEngine = class com.ibm.ws.injectionengine.osgi.internal.OSGiInjectionEngineImpl@7216e696
      ivProviders = class java.util.ArrayList@4d9efd4f
      ivComponentJavaContext = null
      ivComponentNameSpace = null
      ivJavaColonCompEnvMap = class java.util.LinkedHashMap@383b390b
      ivEjbContext10 = class java.util.Properties@74bc3b23
      ivResourceRefConfigList = null
      isAlreadyProcessed = true
      ivProcessFailure = null
      ivInjectionTargetMap = class java.util.concurrent.ConcurrentHashMap@315b5174
      svInjTarMapCacheSize = 256
      ivDeclaredInjectionTargets = class java.util.HashMap@b95a695
      ivProcessedInjectionClasses = class java.util.HashSet@6a87258d
      svInjClassMapCacheSize = 512
      ivProcessedInjectionBindings = class java.util.LinkedHashSet@7ff76edd
      ivAnyProcessDynamic = true
      ivCheckAppConfig = false
    j2eeNameFactory = class com.ibm.ws.container.service.metadata.internal.J2EENameFactoryImpl@2abf3364
      serialVersionUID = 3486344295038028821
      $$$tc$$$ = class com.ibm.websphere.ras.TraceComponent@c1ab8bd
    moduleLoader = class com.ibm.ws.classloading.internal.AppClassLoader@44c8c8f4
      tc = class com.ibm.websphere.ras.TraceComponent@695c7e43
      PARENT_FIRST_SEARCH_ORDER = class java.util.Collections$UnmodifiableRandomAccessList@51d9cd0d
      CLASS_LOADING_TRACE_PREFIX = "com.ibm.ws.class.load."
      DEFAULT_PACKAGE = "default.package"
      perPackageClassLoadingTraceComponents = class java.util.concurrent.ConcurrentHashMap@1c6c4047
      config = class com.ibm.ws.classloading.internal.ClassLoaderConfigurationImpl@ae8465d
      privateLibraries = null
      delegateLoaders = class com.ibm.ws.classloading.internal.util.CompositeIterable@4b75567c
      nativeLibraryFiles = class java.util.ArrayList@54db5bba
      transformers = class java.util.ArrayList@2acb571e
      apiAccess = class com.ibm.ws.classloading.internal.GatewayClassLoader@384ee2fe
      generator = class com.ibm.ws.classloading.internal.ClassGeneratorManager@62d936b4
      protectionDomains = class java.util.concurrent.ConcurrentHashMap@37e4a25
      parent = class com.ibm.ws.classloading.internal.GatewayClassLoader@384ee2fe
      hook = null
      serialVersionUID = 6578332052554033431
      tc = class com.ibm.websphere.ras.TraceComponent@6682f596
      smartClassPath = class com.ibm.ws.classloading.internal.ContainerClassLoader$SmartClassPathImpl@d76c77b
      nativeLibraryContainers = class java.util.ArrayList@7df5126c
      redefiner = class com.ibm.ws.classloading.internal.util.ClassRedefiner@5632f7f0
      jarProtocol = "wsjar:"
      mapCreationQueue = class java.util.concurrent.Executors$FinalizableDelegatedExecutorService@27ecb071
      serialVersionUID = 6399598832433768509
      serialVersionUID = -7411549862368381758
      $$$tc$$$ = class com.ibm.websphere.ras.TraceComponent@2914bb58
      serialVersionUID = -4868702105808481416
      $$$tc$$$ = class com.ibm.websphere.ras.TraceComponent@7e916429
      serialVersionUID = 2596921220292114344
      $$$tc$$$ = class com.ibm.websphere.ras.TraceComponent@2a3993e8
      initialized = true
      pdcache = class java.util.HashMap@4929e175
      debug = null
      parent = class com.ibm.ws.classloading.internal.GatewayClassLoader@384ee2fe
      parallelLockMap = null
      package2certs = class java.util.Hashtable@86512d7
      nocerts = class java.security.cert.Certificate[0]
      classes = class java.util.Vector@4ac85492
      defaultDomain = class java.security.ProtectionDomain@1ae4695
      domains = class java.util.HashSet@78a3d9c
      packages = class java.util.HashMap@27d97410
      scl = class sun.misc.Launcher$AppClassLoader@18b4aac2
      sclSet = true
      loadedLibraryNames = class java.util.Vector@7259d253
      systemNativeLibraries = class java.util.Vector@59745f67
      nativeLibraries = class java.util.Vector@2fbdd8bd
      nativeLibraryContext = class java.util.Stack@3b09f26e
      usr_paths = class java.lang.String[6]
      sys_paths = class java.lang.String[1]
      assertionLock = class com.ibm.ws.classloading.internal.AppClassLoader@44c8c8f4
      defaultAssertionStatus = false
      packageAssertionStatus = null
      classAssertionStatus = null
    webAppConfig = class com.ibm.ws.webcontainer.osgi.webapp.WebAppConfiguration@754c0b0e
      webModuleMetaData = class com.ibm.ws.webcontainer.osgi.metadata.WebModuleMetaDataImpl@76bf6c0f
      webComponentMetaData = class com.ibm.ws.webcontainer.osgi.metadata.WebComponentMetaDataImpl@339af68d
      dVirtualHost = class com.ibm.ws.webcontainer.osgi.DynamicVirtualHost@179df19b
      orderedLibPaths = class java.util.Collections$UnmodifiableRandomAccessList@2dcbf8c
      bundleHeaders = null
      cdiEnabled = false
      CLASS_NAME = "com.ibm.ws.webcontainer.webapp.WebAppConfiguration"
      logger = class com.ibm.ws.logging.internal.WsLogger@36a98991
      tc = class com.ibm.websphere.ras.TraceComponent@3e1519de
      nls = class com.ibm.ejs.ras.TraceNLS@52e32f57
      version = 30
      contextRoot = "/Prueba"
      isDefaultContextRootUsed = false
      sessionTimeout = 0
      moduleSessionTimeoutSet = false
      moduleSessionTrackingModeSet = false
      sessionCookieConfig = class com.ibm.ws.session.SessionCookieConfigImpl@35a4ca58
      hasProgrammaticCookieConfig = false
      sessionDefaultTrackingModeSet = class java.util.RegularEnumSet@5491e5f4
      sessionManagerConfig = class com.ibm.ws.session.SessionManagerConfig@2e8e0bf6
      displayName = "Prueba"
      description = null
      reloadInterval = 0
      distributable = false
      denyUncoveredHttpMethods = false
      reloadingEnabled = false
      serveServletsByClassnameEnabled = false
      defaultErrorPage = null
      additionalClassPath = null
      fileServingEnabled = null
      directoryBrowsingEnabled = false
      autoRequestEncoding = false
      autoResponseEncoding = false
      autoLoadFilters = false
      requestListeners = null
      requestAttributeListeners = null
      sessionListeners = null
      localeMap = null
      moduleName = "Prueba"
      j2eeModuleName = "Prueba.war"
      moduleId = null
      isSyncToThreadEnabled = false
      encodeDispatchedRequestURI = false
      isSystemApp = false
      ardEnabled = false
      ardDispatchType = null
      listeners = class java.util.ArrayList@65dc10e7
      welcomeFileList = class java.util.ArrayList@76b9e00e
      servletMappings = class java.util.HashMap@2ddc0568
      lastIndexBeforeDeclaredFilters = 1
      filterMappings = class java.util.ArrayList@73d36a9e
      servletInfo = class java.util.concurrent.ConcurrentHashMap@760d072b
      filterInfo = class java.util.HashMap@4f8d2074
      mimeMappings = class java.util.HashMap@2b79ba8
      mimeFilters = null
      isMimeFilteringEnabled = false
      theWebGroup = null
      jspAttributes = class java.util.HashMap@6a5896fa
      fileServingAttributes = class java.util.HashMap@7472e0c5
      invokerAttributes = class java.util.HashMap@52daf0bf
      contextParams = class java.util.HashMap@6c8e5b97
      virtualHost = "default_host"
      exceptionErrorPages = class java.util.HashMap@424fefba
      codeErrorPages = class java.util.HashMap@21584bfe
      tagLibList = null
      precompileJsps = false
      webApp = class com.ibm.ws.webcontainer31.osgi.webapp.WebApp31@dd23ad5
      virtualHostList = class java.util.Collections$EmptyList@24020862
      appStartupWeight = 0
      moduleStartupWeight = 0
      metaDataComplete = false
      classesToScan = class java.util.ArrayList@3acead96
      uriFilterMappingInfos = class java.util.ArrayList@741a74a
      servletFilterMappingInfos = null
      dynamicServletRegistrationMap = null
      applicationName = "Prueba"
      libBinPathList = class java.util.ArrayList@64250be7
      webXmlDefinedListeners = class java.util.HashSet@50d04e19
      allRefs = class java.util.EnumMap@1f3dfb88
      allRefBindings = class java.util.EnumMap@15cc74d2
      envEntryValues = class java.util.HashMap@597a2fbf
      resourceRefConfigList = null
      disallowAllFileServingProp = "false"
      disallowServeServletsByClassnameProp = "true"
      disableStaticMappingCache = false
      jspCachedLocations = class java.util.HashMap@b08020f
      primedSTSHeader = "NoValue"
      enablemultireadofpostdata = false
      requestEncoding = null
      responseEncoding = null
      NULLSERVLETNAME = "com.ibm.ws.webcontainer.NullServletName"
      _id = "WebAppGeneratedId1"
      _attributes = null
      serialVersionUID = 7511545662945734886
      $$$tc$$$ = class com.ibm.websphere.ras.TraceComponent@720382f0
    extensionProcessingDisabled = false
    managedObjectService = class com.ibm.ws.cdi.impl.managedobject.CDIManagedObjectService@253b6899
      cdiServiceRef = class com.ibm.wsspi.kernel.service.utils.AtomicServiceReference@49dc35fd
      defaultMOSRef = class com.ibm.wsspi.kernel.service.utils.AtomicServiceReference@5cbf9364
      cdiRuntime = class com.ibm.ws.cdi.liberty.CDIRuntimeImpl@32e840a1
      serialVersionUID = 6431825704414919683
      $$$tc$$$ = class com.ibm.websphere.ras.TraceComponent@7a22f840
    GenPluginCfgMB = null
    internalServletMetaData = interface com.ibm.wsspi.webcontainer.metadata.WebComponentMetaData[2]
      WebComponentMetaData[0] = null
      WebComponentMetaData[1] = null
    loginProcessor = null
    logoutProcessor = null
    collabHelper = class com.ibm.ws.webcontainer.osgi.collaborator.CollaboratorHelperImpl@299ec844
      webAppInvCollabs = class java.util.Collections$UnmodifiableSet@51a58e6e
      securityDomainForApp = null
      logger = class com.ibm.ws.logging.internal.WsLogger@7ffe615a
      staticDefaultSecurityCollaborator = class com.ibm.ws.webcontainer.collaborator.WebAppSecurityCollaborator@29a41409
      logger = class com.ibm.ws.logging.internal.WsLogger@ff4f39
      CLASS_NAME = "com.ibm.wsspi.webcontainer.collaborator.CollaboratorHelper"
      webApp = class com.ibm.ws.webcontainer31.osgi.webapp.WebApp31@dd23ad5
      securityCollaborator = class com.ibm.ws.webcontainer.security.WebAppSecurityCollaboratorImpl@c070acd
      nameSpaceCollaborator = class com.ibm.ws.webcontainer.osgi.collaborator.WebAppNameSpaceCollaboratorImpl@2320d667
      transactionCollaborator = class com.ibm.ws.transaction.services.WebAppTransactionCollaboratorImpl@63c99a1f
      connectionCollaborator = class com.ibm.ws.webcontainer.collaborator.ConnectionCollaborator@58a5318
      allCollabEnum = class java.util.RegularEnumSet@5bc0b75a
      servlet_23_or_greater = true
      DEFER_SERVLET_REQUEST_LISTENER_DESTROY_ON_ERROR = false
    envObject = class com.ibm.ws.util.WSThreadLocal@2712cd01
      tc = class com.ibm.ejs.ras.TraceComponent@3054e2dc
      count = 9
      index = 4
      SUSPECTED_MISUSAGE_THRESHOLD = 200
      threadLocalHashCode = -794189518
      nextHashCode = class java.util.concurrent.atomic.AtomicInteger@63f531cb
      HASH_INCREMENT = 1640531527
    orderedLibPaths = class java.util.Collections$UnmodifiableRandomAccessList@2dcbf8c
      serialVersionUID = -2542308836966382001
      serialVersionUID = -283967356065247728
      list = class java.util.ArrayList@3586fa1c
      serialVersionUID = 1820017752578914078
      c = class java.util.ArrayList@3586fa1c
    perm = class com.ibm.websphere.security.WebSphereRuntimePermission@7a44a9d6
      serialVersionUID = -3306242789188168337
      $$$tc$$$ = class com.ibm.websphere.ras.TraceComponent@500dc434
      serialVersionUID = 6279438298436773498
      wildcard = false
      path = "accessServletContext"
      exitVM = false
      serialVersionUID = -5636570222231596674
      name = "accessServletContext"
    WELCOME_FILE_LIST = "com.ibm.ws.webcontainer.config.WelcomeFileList"
    DIR_BROWSING_MAPPING = "__dirBrowsing__1572719280060"
    FILTER_PROXY_MAPPING = "/__filterProxy__1572719280060"
    logger = class com.ibm.ws.logging.internal.WsLogger@36a98991
      tc = class com.ibm.websphere.ras.TraceComponent@30fd63e8
      ivCachedResourceBundleName = null
      ivCachedResourceBundle = null
      ivComponent = null
      ivOrganization = null
      ivProduct = null
      ivMinimumLocalizationLevelIntValue = 625
      ivTC = class com.ibm.websphere.ras.TraceComponent@ac733ed
      loggerRegistrationComponent = class java.lang.ThreadLocal@7f3b8023
      emptyHandlers = class java.util.logging.Handler[0]
      offValue = 2147483647
      SYSTEM_LOGGER_RB_NAME = "sun.util.logging.resources.logging"
      SYSTEM_BUNDLE = class java.util.logging.Logger$LoggerBundle@94c1496
      NO_RESOURCE_BUNDLE = class java.util.logging.Logger$LoggerBundle@cc8cff0
      manager = class com.ibm.ws.kernel.boot.logging.WsLogManager@2f517cd2
      name = "com.ibm.ws.webcontainer.webapp"
      handlers = class java.util.concurrent.CopyOnWriteArrayList@3b4dba7d
      loggerBundle = class java.util.logging.Logger$LoggerBundle@74b87af6
      useParentHandlers = true
      filter = null
      anonymous = false
      catalog = class com.ibm.ws.webcontainer.resources.Messages@4ed96b04
      catalogName = "com.ibm.ws.webcontainer.resources.Messages"
      catalogLocale = class java.util.Locale@3e507d33
      treeLock = class java.lang.Object@1a4321c7
      parent = class com.ibm.ws.logging.internal.WsLogger@61b09e35
      kids = null
      levelObject = class java.util.logging.Level@79dda4d9
      levelValue = 800
      callersClassLoaderRef = class java.lang.ref.WeakReference@63b49667
      isSystemLogger = false
      GLOBAL_LOGGER_NAME = "global"
      global = class java.util.logging.Logger@4717bb71
      $assertionsDisabled = true
    CLASS_NAME = "com.ibm.ws.webcontainer.webapp.WebApp"
    loader = class com.ibm.ws.classloading.internal.ThreadContextClassLoader@7822478a
      tc = class com.ibm.websphere.ras.TraceComponent@5051a593
      bundle = class java.util.concurrent.atomic.AtomicReference@72c23570
      key = "WebModule:Prueba#Prueba.war"
      refCount = class java.util.concurrent.atomic.AtomicInteger@1dc8f0c6
      appLoader = class com.ibm.ws.classloading.internal.AppClassLoader@44c8c8f4
      clSvc = class com.ibm.ws.classloading.internal.ClassLoadingServiceImpl@c5120f3
      serialVersionUID = 846416563800781557
      tc = class com.ibm.websphere.ras.TraceComponent@7bf5864a
      followOnClassLoaders = class java.util.ArrayList@11b58ef1
      serialVersionUID = 8829649920524275888
      serialVersionUID = -4868702105808481416
      $$$tc$$$ = class com.ibm.websphere.ras.TraceComponent@7e916429
      serialVersionUID = 2596921220292114344
      $$$tc$$$ = class com.ibm.websphere.ras.TraceComponent@2a3993e8
      initialized = true
      pdcache = class java.util.HashMap@46267497
      debug = null
      parent = class com.ibm.ws.classloading.internal.GatewayClassLoader@1d63ab24
      parallelLockMap = null
      package2certs = class java.util.Hashtable@7b59a8a4
      nocerts = class java.security.cert.Certificate[0]
      classes = class java.util.Vector@38ad1a04
      defaultDomain = class java.security.ProtectionDomain@61a955fa
      domains = class java.util.HashSet@14de1794
      packages = class java.util.HashMap@22749123
      scl = class sun.misc.Launcher$AppClassLoader@18b4aac2
      sclSet = true
      loadedLibraryNames = class java.util.Vector@7259d253
      systemNativeLibraries = class java.util.Vector@59745f67
      nativeLibraries = class java.util.Vector@3d72816a
      nativeLibraryContext = class java.util.Stack@3b09f26e
      usr_paths = class java.lang.String[6]
      sys_paths = class java.lang.String[1]
      assertionLock = class com.ibm.ws.classloading.internal.ThreadContextClassLoader@7822478a
      defaultAssertionStatus = false
      packageAssertionStatus = null
      classAssertionStatus = null
    facade = class com.ibm.ws.webcontainer31.facade.ServletContextFacade31@4465d0dc
      context = class com.ibm.ws.webcontainer31.osgi.webapp.WebApp31@dd23ad5
    features = class java.util.ArrayList@502b9e50
      serialVersionUID = 8683452581122892189
      DEFAULT_CAPACITY = 10
      EMPTY_ELEMENTDATA = class java.lang.Object[0]
      DEFAULTCAPACITY_EMPTY_ELEMENTDATA = class java.lang.Object[0]
      elementData = class java.lang.Object[0]
      size = 0
      MAX_ARRAY_SIZE = 2147483639
      modCount = 0
      MAX_ARRAY_SIZE = 2147483639
    applicationName = "Prueba"
    config = class com.ibm.ws.webcontainer.osgi.webapp.WebAppConfiguration@754c0b0e
    securityEnabledForApp = true
    webExtensionProcessor = class com.ibm.ws.webcontainer.osgi.extension.WebExtensionProcessor@6215d9ed
      webApp = class com.ibm.ws.webcontainer31.osgi.webapp.WebApp31@dd23ad5
      extensionContext = class com.ibm.ws.webcontainer31.osgi.webapp.WebApp31@dd23ad5
    production = true
    isServlet23 = true
    contextPath = "/Prueba"
    internalServletList = class [Ljava.lang.String;[2]
      String[][0] = class java.lang.String[2]
      String[][1] = class java.lang.String[2]
    BY_NAME_ONLY = "/_1572719280060_/"
    filterManager = class com.ibm.ws.webcontainer.osgi.filter.WebAppFilterManagerImpl@c0b63df
      _filterWrappers = class java.util.Hashtable@3610c926
      chainCache = class java.util.Collections$SynchronizedMap@3d08ff4
      forwardChainCache = class java.util.Collections$SynchronizedMap@78ff64b3
      includeChainCache = class java.util.Collections$SynchronizedMap@3ba75c20
      errorChainCache = class java.util.Collections$SynchronizedMap@b4eeb8b
      _filtersDefined = true
      FMI_MAPPING_SINGLE_SLASH = 0
      FMI_MAPPING_PATH_MATCH = 1
      FMI_MAPPING_EXTENSION_MATCH = 2
      FMI_MAPPING_EXACT_MATCH = 3
      logger = class com.ibm.ws.logging.internal.WsLogger@f83a931
      CLASS_NAME = "com.ibm.ws.webcontainer.filter.WebAppFilterManager"
      nls = class com.ibm.ejs.ras.TraceNLS@ce66a39
      webAppConfig = class com.ibm.ws.webcontainer.osgi.webapp.WebAppConfiguration@754c0b0e
      webApp = class com.ibm.ws.webcontainer31.osgi.webapp.WebApp31@dd23ad5
      collabHelper = class com.ibm.ws.webcontainer.osgi.collaborator.CollaboratorHelperImpl@299ec844
      secCollab = class com.ibm.ws.webcontainer.security.WebAppSecurityCollaboratorImpl@c070acd
      sessionSecurityIntegrationEnabled = true
      assumeFilterSuccessOnSecurityError = false
      useOriginalRequestState = false
      _evtSource = class com.ibm.ws.webcontainer.webapp.WebAppEventSource@746699ed
      defaultComponentMetaData = class com.ibm.ws.webcontainer.osgi.metadata.WebComponentMetaDataImpl@339af68d
      DEFER_SERVLET_REQUEST_LISTENER_DESTROY_ON_ERROR = false
    documentRoot = null
    SERVLET_API_VERSION = "Servlet 2.5"
    disableServletAuditLogging = -1
    serverInfo = "IBM WebSphere Liberty/19.0.0.10"
    sessionCtx = class com.ibm.ws.webcontainer31.session.impl.HttpSessionContext31Impl@deb510
      methodClassName = "HttpSessionContextImpl"
      _smc = class com.ibm.ws.session.SessionManagerConfig@2e8e0bf6
      sessionStoreService = null
      _sap = class com.ibm.ws.session.SessionApplicationParameters@46a2a08
      _coreHttpSessionManager = class com.ibm.ws.session.SessionManager@757d03bd
      _coreHttpAppSessionManager = null
      _sam = class com.ibm.ws.webcontainer.session.impl.SessionAffinityManagerImpl@667e34cd
      isSIPApplication = false
      sessionAttributeListener = false
      sessionListener = true
      mHttpSessionAttributeListeners = class java.util.ArrayList@4bbdd228
      mHttpSessionListeners = class java.util.ArrayList@1ed28b3d
      mHttpSessionIdListeners = class java.util.ArrayList@32f03b1
      mHttpSessionAttributeListenersJ2eeNames = class java.util.ArrayList@14609745
      mHttpSessionListenersJ2eeNames = class java.util.ArrayList@31e92b73
      mHttpSessionIdListenersJ2eeNames = class java.util.ArrayList@3be8d510
      mLocalHost = null
      _refCount = 1
      currentThreadSacHashtable = null
      methodClassName = "SessionContext"
      ANONYMOUS_USER = "anonymous"
      wasHttpSessionObserver = class com.ibm.ws.session.WasHttpSessionObserver@40216b57
      wasHttpSessionAttributeObserver = null
      _invalidator = class com.ibm.ws.session.SessionInvalidatorWithThreadPool@50eb16a9
      _storer = class com.ibm.ws.session.EOSSessionStorer@28a10d74
      wasHttpAppSessionObserver = null
      mHttpAppSessionListeners = null
      cmvcInfo = "CMVC Version 1.9 6/24/07 11:12:24"
      _loggedVersion = true
      CREATE_CORE_SESSION_MANAGER = 0
      GET_REQUESTED_SESSION_ID = 1
      GET_IHTTP_SESSION = 2
      SESSION_PRE_INVOKE = 3
      SESSION_POST_INVOKE = 4
      STOP = 5
      STOP_LISTENERS = 6
      IS_VALID = 7
      ENCODE_URL = 8
      SHOULD_ENCODE_URL = 9
      IS_PROTOCOL_SWITCH = 10
      GET_LOCAL_HOST = 11
      ADD_HTTP_SESSION_ATTRIBUTE_LISTENER = 12
      ADD_HTTP_SESSION_LISTENER = 13
      GET_SESSION_AFFINITY_CONTEXT = 14
      CHECK_SECURITY = 15
      INVALIDATE = 16
      CHECK_SESSSIONID_IS_RIGHT_LENGTH = 17
      LOCK_SESSION = 18
      UNLOCK_SESSION = 19
      ADD_HTTP_SESSION_ID_LISTENER = 20
      methodNames = class java.lang.String[21]
    eventSource = class com.ibm.ws.webcontainer.webapp.WebAppEventSource@746699ed
      _invocationListeners = class com.ibm.ws.webcontainer.util.EventListeners@6ff655a5
      _servletListeners = class com.ibm.ws.webcontainer.util.EventListeners@75c5cebe
      _errorListeners = class com.ibm.ws.webcontainer.util.EventListeners@132345c3
      _applicationListeners = class com.ibm.ws.webcontainer.util.EventListeners@7cfd32af
      _filterInvocationListeners = class com.ibm.ws.webcontainer.util.EventListeners@217b1be8
      _filterListeners = class com.ibm.ws.webcontainer.util.EventListeners@7a908147
      _filterErrorListeners = class com.ibm.ws.webcontainer.util.EventListeners@7314ce8b
    nls = class com.ibm.ejs.ras.TraceNLS@4c48ce57
      resolver = class com.ibm.ws.logging.internal.TraceNLSResolver@551eb760
      finder = class com.ibm.ws.logging.internal.StackFinder@7ddb947e
      ivBundleName = "com.ibm.ws.webcontainer.resources.Messages"
      caller = class java.lang.Class@ac70979
    liberty_nls = class com.ibm.ejs.ras.TraceNLS@6ce5f897
      resolver = class com.ibm.ws.logging.internal.TraceNLSResolver@551eb760
      finder = class com.ibm.ws.logging.internal.StackFinder@7ddb947e
      ivBundleName = "com.ibm.ws.webcontainer.resources.LShimMessages"
      caller = class java.lang.Class@ac70979
    error_nls = class com.ibm.ejs.ras.TraceNLS@3b277b4f
      resolver = class com.ibm.ws.logging.internal.TraceNLSResolver@551eb760
      finder = class com.ibm.ws.logging.internal.StackFinder@7ddb947e
      ivBundleName = "com.ibm.ws.webcontainer.resources.ErrorPage"
      caller = class java.lang.Class@ac70979
    sessionListeners = class java.util.ArrayList@4e242f0e
      serialVersionUID = 8683452581122892189
      DEFAULT_CAPACITY = 10
      EMPTY_ELEMENTDATA = class java.lang.Object[0]
      DEFAULTCAPACITY_EMPTY_ELEMENTDATA = class java.lang.Object[0]
      elementData = class java.lang.Object[10]
      size = 1
      MAX_ARRAY_SIZE = 2147483639
      modCount = 2
      MAX_ARRAY_SIZE = 2147483639
    sessionIdListeners = class java.util.ArrayList@44947aeb
      serialVersionUID = 8683452581122892189
      DEFAULT_CAPACITY = 10
      EMPTY_ELEMENTDATA = class java.lang.Object[0]
      DEFAULTCAPACITY_EMPTY_ELEMENTDATA = class java.lang.Object[0]
      elementData = class java.lang.Object[0]
      size = 0
      MAX_ARRAY_SIZE = 2147483639
      modCount = 0
      MAX_ARRAY_SIZE = 2147483639
    sessionAttrListeners = class java.util.ArrayList@7f613ae
      serialVersionUID = 8683452581122892189
      DEFAULT_CAPACITY = 10
      EMPTY_ELEMENTDATA = class java.lang.Object[0]
      DEFAULTCAPACITY_EMPTY_ELEMENTDATA = class java.lang.Object[0]
      elementData = class java.lang.Object[0]
      size = 0
      MAX_ARRAY_SIZE = 2147483639
      modCount = 1
      MAX_ARRAY_SIZE = 2147483639
    addedSessionListeners = class java.util.ArrayList@78bed1c
      serialVersionUID = 8683452581122892189
      DEFAULT_CAPACITY = 10
      EMPTY_ELEMENTDATA = class java.lang.Object[0]
      DEFAULTCAPACITY_EMPTY_ELEMENTDATA = class java.lang.Object[0]
      elementData = class java.lang.Object[0]
      size = 0
      MAX_ARRAY_SIZE = 2147483639
      modCount = 0
      MAX_ARRAY_SIZE = 2147483639
    addedSessionAttrListeners = class java.util.ArrayList@6838febc
      serialVersionUID = 8683452581122892189
      DEFAULT_CAPACITY = 10
      EMPTY_ELEMENTDATA = class java.lang.Object[0]
      DEFAULTCAPACITY_EMPTY_ELEMENTDATA = class java.lang.Object[0]
      elementData = class java.lang.Object[0]
      size = 0
      MAX_ARRAY_SIZE = 2147483639
      modCount = 0
      MAX_ARRAY_SIZE = 2147483639
    servletContextListeners = class java.util.ArrayList@f9c9272
      serialVersionUID = 8683452581122892189
      DEFAULT_CAPACITY = 10
      EMPTY_ELEMENTDATA = class java.lang.Object[0]
      DEFAULTCAPACITY_EMPTY_ELEMENTDATA = class java.lang.Object[0]
      elementData = class java.lang.Object[10]
      size = 4
      MAX_ARRAY_SIZE = 2147483639
      modCount = 5
      MAX_ARRAY_SIZE = 2147483639
    servletContextLAttrListeners = class java.util.ArrayList@38408b4c
      serialVersionUID = 8683452581122892189
      DEFAULT_CAPACITY = 10
      EMPTY_ELEMENTDATA = class java.lang.Object[0]
      DEFAULTCAPACITY_EMPTY_ELEMENTDATA = class java.lang.Object[0]
      elementData = class java.lang.Object[0]
      size = 0
      MAX_ARRAY_SIZE = 2147483639
      modCount = 1
      MAX_ARRAY_SIZE = 2147483639
    servletRequestListeners = class java.util.ArrayList@607b6255
      serialVersionUID = 8683452581122892189
      DEFAULT_CAPACITY = 10
      EMPTY_ELEMENTDATA = class java.lang.Object[0]
      DEFAULTCAPACITY_EMPTY_ELEMENTDATA = class java.lang.Object[0]
      elementData = class java.lang.Object[0]
      size = 0
      MAX_ARRAY_SIZE = 2147483639
      modCount = 1
      MAX_ARRAY_SIZE = 2147483639
    servletRequestLAttrListeners = class java.util.ArrayList@4f19adf8
      serialVersionUID = 8683452581122892189
      DEFAULT_CAPACITY = 10
      EMPTY_ELEMENTDATA = class java.lang.Object[0]
      DEFAULTCAPACITY_EMPTY_ELEMENTDATA = class java.lang.Object[0]
      elementData = class java.lang.Object[0]
      size = 0
      MAX_ARRAY_SIZE = 2147483639
      modCount = 1
      MAX_ARRAY_SIZE = 2147483639
    prependSlashToResource = false
    destroyed = false
    webAppNameSpaceCollab = class com.ibm.ws.webcontainer.osgi.collaborator.WebAppNameSpaceCollaboratorImpl@2320d667
      cmdai = class com.ibm.ws.threadContext.ComponentMetaDataAccessorImpl@7fbdca47
    txCollab = class com.ibm.ws.transaction.services.WebAppTransactionCollaboratorImpl@63c99a1f
      tc = class com.ibm.websphere.ras.TraceComponent@42acbed4
      ltCurrentRef = class com.ibm.wsspi.kernel.service.utils.AtomicServiceReference@26680a03
      tranMgrRef = class com.ibm.wsspi.kernel.service.utils.AtomicServiceReference@1accdb0
      userTranRef = class com.ibm.wsspi.kernel.service.utils.AtomicServiceReference@2dcaa431
      uowCallbackRef = class com.ibm.wsspi.kernel.service.utils.AtomicServiceReference@2bd5b6f7
      serialVersionUID = -8319003162899973281
    sessionActivationListeners = class java.util.ArrayList@247da96b
      serialVersionUID = 8683452581122892189
      DEFAULT_CAPACITY = 10
      EMPTY_ELEMENTDATA = class java.lang.Object[0]
      DEFAULTCAPACITY_EMPTY_ELEMENTDATA = class java.lang.Object[0]
      elementData = class java.lang.Object[0]
      size = 0
      MAX_ARRAY_SIZE = 2147483639
      modCount = 1
      MAX_ARRAY_SIZE = 2147483639
    sessionBindingListeners = class java.util.ArrayList@185b5c43
      serialVersionUID = 8683452581122892189
      DEFAULT_CAPACITY = 10
      EMPTY_ELEMENTDATA = class java.lang.Object[0]
      DEFAULTCAPACITY_EMPTY_ELEMENTDATA = class java.lang.Object[0]
      elementData = class java.lang.Object[0]
      size = 0
      MAX_ARRAY_SIZE = 2147483639
      modCount = 1
      MAX_ARRAY_SIZE = 2147483639
    scratchdir = null
    jspClassLoaderLimit = 0
    jspClassLoaderExclusionList = null
    jspClassLoadersMap = null
    jspClassLoaderLimitTrackIF = false
    defaultExtProc = null
    directoryBrowsingServlet = null
    cdiContexts = class java.util.concurrent.ConcurrentHashMap@2309fcd7
      serialVersionUID = 7249069246763182397
      MAXIMUM_CAPACITY = 1073741824
      DEFAULT_CAPACITY = 16
      MAX_ARRAY_SIZE = 2147483639
      DEFAULT_CONCURRENCY_LEVEL = 16
      LOAD_FACTOR = 0.75
      TREEIFY_THRESHOLD = 8
      UNTREEIFY_THRESHOLD = 6
      MIN_TREEIFY_CAPACITY = 64
      MIN_TRANSFER_STRIDE = 16
      RESIZE_STAMP_BITS = 16
      MAX_RESIZERS = 65535
      RESIZE_STAMP_SHIFT = 16
      MOVED = -1
      TREEBIN = -2
      RESERVED = -3
      HASH_BITS = 2147483647
      NCPU = 8
      serialPersistentFields = class java.io.ObjectStreamField[3]
      table = null
      nextTable = null
      baseCount = 0
      sizeCtl = 0
      transferIndex = 0
      cellsBusy = 0
      counterCells = null
      keySet = null
      values = null
      entrySet = null
      U = class sun.misc.Unsafe@5b4d030b
      SIZECTL = 20
      TRANSFERINDEX = 32
      BASECOUNT = 24
      CELLSBUSY = 36
      CELLVALUE = 144
      ABASE = 16
      ASHIFT = 2
      keySet = null
      values = null
    moduleConfig = class com.ibm.ws.webcontainer.osgi.container.DeployedModule@21fde323
      tc = class com.ibm.websphere.ras.TraceComponent@7b41045a
      loader = class com.ibm.ws.classloading.internal.ThreadContextClassLoader@7822478a
      webApp = class com.ibm.ws.webcontainer31.osgi.webapp.WebApp31@dd23ad5
      webAppConfig = class com.ibm.ws.webcontainer.osgi.webapp.WebAppConfiguration@754c0b0e
      contextRootAdded = null
      properContextRoot = "/Prueba"
      mappingContextRoot = "/Prueba/*"
      serialVersionUID = -2104814060051592457
      $$$tc$$$ = class com.ibm.websphere.ras.TraceComponent@535048f8
    extensionFactories = class java.util.ArrayList@68023086
      serialVersionUID = 8683452581122892189
      DEFAULT_CAPACITY = 10
      EMPTY_ELEMENTDATA = class java.lang.Object[0]
      DEFAULTCAPACITY_EMPTY_ELEMENTDATA = class java.lang.Object[0]
      elementData = class java.lang.Object[10]
      size = 6
      MAX_ARRAY_SIZE = 2147483639
      modCount = 6
      MAX_ARRAY_SIZE = 2147483639
    initialized = true
    lock = class com.ibm.ws.webcontainer.webapp.WebApp$1@2a79c081
      this$0 = class com.ibm.ws.webcontainer31.osgi.webapp.WebApp31@dd23ad5
    afterServletContextCreated = false
    redirectContextRoot = false
    errorExceptionTypeFirst = false
    initFilterBeforeServletInit = false
    SET_400_SC_ON_TOO_MANY_PARENT_DIRS = false
    sortedServletConfigs = class java.util.ArrayList@46fa7e5d
      serialVersionUID = 8683452581122892189
      DEFAULT_CAPACITY = 10
      EMPTY_ELEMENTDATA = class java.lang.Object[0]
      DEFAULTCAPACITY_EMPTY_ELEMENTDATA = class java.lang.Object[0]
      elementData = class java.lang.Object[10]
      size = 1
      MAX_ARRAY_SIZE = 2147483639
      modCount = 1
      MAX_ARRAY_SIZE = 2147483639
    effectiveMajorVersion = 3
    effectiveMinorVersion = 0
    canAddServletContextListener = true
    withinContextInitOfProgAddListener = false
    lastProgAddListenerInitialized = "com.ibm.ws.cache.CacheServiceImpl"
    webInfLibClassloader = null
    metaInfCache = class com.ibm.ws.webcontainer.webapp.WebApp$2@850795a
      this$0 = class com.ibm.ws.webcontainer31.osgi.webapp.WebApp31@dd23ad5
      serialVersionUID = 3801124242820219131
      head = null
      tail = null
      accessOrder = true
      serialVersionUID = 362498820763181265
      DEFAULT_INITIAL_CAPACITY = 16
      MAXIMUM_CAPACITY = 1073741824
      DEFAULT_LOAD_FACTOR = 0.75
      TREEIFY_THRESHOLD = 8
      UNTREEIFY_THRESHOLD = 6
      MIN_TREEIFY_CAPACITY = 64
      table = null
      entrySet = null
      size = 0
      modCount = 0
      threshold = 32
      loadFactor = 1.0
      keySet = null
      values = null
    useMetaInfCache = true
    SUN_CONFIGURE_LISTENER_CLASSNAME = "com.sun.faces.config.ConfigureListener"
    MYFACES_LIFECYCLE_LISTENER_CLASSNAME = "org.apache.myfaces.webapp.StartupServletContextListener"
    JSF_IMPL_ENABLED_PARAM = "com.ibm.ws.jsf.JSF_IMPL_ENABLED"
    JSF_IMPL_ENABLED_CUSTOM = "Custom"
    JSF_IMPL_ENABLED_NONE = "None"
    staticDocRoot = class com.ibm.ws.webcontainer.util.DocumentRootUtils@71afeed6
      logger = class com.ibm.ws.logging.internal.WsLogger@6df06923
      CLASS_NAME = "com.ibm.ws.webcontainer.util.DocumentRootUtils"
      useContentLength = false
      matchedFile = null
      matchedZipFile = null
      matchedEntry = null
      matchedURL = null
      edrRoot = null
      pfedrRoot = null
      ctxt = class com.ibm.ws.webcontainer31.osgi.webapp.WebApp31@dd23ad5
      baseDir = null
      edr = null
      pfedr = null
      metaInfRes = null
      searchpfEDR = false
      searchEDR = false
      searchMetaInfRes = true
      matchFromEDR = false
      matchFromMetaInfRes = false
      matchIsADirectory = false
      appConfig = class com.ibm.ws.webcontainer.osgi.webapp.WebAppConfiguration@754c0b0e
      attributeType = "staticFile"
      STATIC_FILE = "staticFile"
      JSP = "jsp"
      PFEDR = "preFragmentExtendedDocumentRoot"
      EDR = "extendedDocumentRoot"
    jspDocRoot = class com.ibm.ws.webcontainer.util.DocumentRootUtils@15b645aa
      logger = class com.ibm.ws.logging.internal.WsLogger@6df06923
      CLASS_NAME = "com.ibm.ws.webcontainer.util.DocumentRootUtils"
      useContentLength = false
      matchedFile = null
      matchedZipFile = null
      matchedEntry = null
      matchedURL = null
      edrRoot = null
      pfedrRoot = null
      ctxt = class com.ibm.ws.webcontainer31.osgi.webapp.WebApp31@dd23ad5
      baseDir = null
      edr = null
      pfedr = null
      metaInfRes = null
      searchpfEDR = false
      searchEDR = false
      searchMetaInfRes = true
      matchFromEDR = false
      matchFromMetaInfRes = false
      matchIsADirectory = false
      appConfig = class com.ibm.ws.webcontainer.osgi.webapp.WebAppConfiguration@754c0b0e
      attributeType = "jsp"
      STATIC_FILE = "staticFile"
      JSP = "jsp"
      PFEDR = "preFragmentExtendedDocumentRoot"
      EDR = "extendedDocumentRoot"
    container = class com.ibm.ws.adaptable.module.internal.AdaptableContainerImpl@357f7ee2
      root = class com.ibm.ws.adaptable.module.internal.AdaptableContainerImpl@357f7ee2
      rootOverlay = class com.ibm.ws.artifact.overlay.internal.DirectoryBasedOverlayContainerImpl@5a1b8fc2
      factoryHolder = class com.ibm.ws.adaptable.module.internal.AdaptableModuleFactoryImpl@217e59b0
      delegate = class com.ibm.ws.artifact.overlay.internal.DirectoryBasedOverlayContainerImpl@5a1b8fc2
      notifier = class com.ibm.ws.adaptable.module.internal.NotifierImpl@437e196
      serialVersionUID = -5950528200509051684
      $$$tc$$$ = class com.ibm.websphere.ras.TraceComponent@6c4728ad
    metaInfResourceFinder = class com.ibm.ws.webcontainer.util.MetaInfResourceFinder@abc9d7
      jarResourceContainers = class java.util.ArrayList@640519a2
      container = class com.ibm.ws.adaptable.module.internal.AdaptableContainerImpl@357f7ee2
    postConstructMethods = class com.ibm.ws.webcontainer.webapp.WebApp$AnnotatedMethods@b3aea31
      annotationClass = class java.lang.Class@32c2db17
      noOpClassNames = class java.util.HashSet@2d9579e9
      annotatedMethodNames = class java.util.concurrent.ConcurrentHashMap@75177a1e
      EMPTY_METHODS = class java.lang.reflect.Method[0]
    preDestroyMethods = class com.ibm.ws.webcontainer.webapp.WebApp$AnnotatedMethods@56d7cde
      annotationClass = class java.lang.Class@594d2305
      noOpClassNames = class java.util.HashSet@5fffa0fc
      annotatedMethodNames = class java.util.concurrent.ConcurrentHashMap@61429a14
      EMPTY_METHODS = class java.lang.reflect.Method[0]
    OBJ_EMPTY = class java.lang.Object[0]
    CLASS_EMPTY = class java.lang.Class[0]
    DEFAULT_JSP_EXTENSIONS = class java.util.ArrayList@22d1f2cc
      serialVersionUID = 8683452581122892189
      DEFAULT_CAPACITY = 10
      EMPTY_ELEMENTDATA = class java.lang.Object[0]
      DEFAULTCAPACITY_EMPTY_ELEMENTDATA = class java.lang.Object[0]
      elementData = class java.lang.Object[10]
      size = 4
      MAX_ARRAY_SIZE = 2147483639
      modCount = 4
      MAX_ARRAY_SIZE = 2147483639
    DEFER_SERVLET_REQUEST_LISTENER_DESTROY_ON_ERROR = false
    DO_ACCEPT_PARTIAL = true
    DO_NOT_ACCEPT_PARTIAL = false
    DO_ACCEPT_EXCLUDED = true
    DO_NOT_ACCEPT_EXCLUDED = false
    commands = class java.util.ArrayList@7cea6230
      serialVersionUID = 8683452581122892189
      DEFAULT_CAPACITY = 10
      EMPTY_ELEMENTDATA = class java.lang.Object[0]
      DEFAULTCAPACITY_EMPTY_ELEMENTDATA = class java.lang.Object[0]
      elementData = class java.lang.Object[3]
      size = 0
      MAX_ARRAY_SIZE = 2147483639
      modCount = 0
      MAX_ARRAY_SIZE = 2147483639
    requestMapper = class com.ibm.wsspi.webcontainer.util.URIMapper@20dd74fe
      matcher = class com.ibm.wsspi.webcontainer.util.URIMatcher@4276214a
    parent = class com.ibm.ws.webcontainer.osgi.webapp.WebGroup@4e3867b7
      tc = class com.ibm.websphere.ras.TraceComponent@184ddfbf
      logger = class com.ibm.ws.logging.internal.WsLogger@36a98991
      CLASS_NAME = "com.ibm.ws.webcontainer.webapp.WebGroup"
      sessUrlRewritePrefix = ";jsessionid="
      qMark = "?"
      config = class com.ibm.ws.webcontainer.osgi.webapp.WebGroupConfiguration@1528f9db
      webApp = class com.ibm.ws.webcontainer31.osgi.webapp.WebApp31@dd23ad5
      commands = class java.util.ArrayList@28ecede9
      requestMapper = null
      parent = class com.ibm.ws.webcontainer.osgi.DynamicVirtualHost@179df19b
      name = "/Prueba/*"
      isAlive = true
      subElements = class java.util.HashMap@1b584097
      attributes = null
      config = null
      serialVersionUID = -8271459000149267764
      $$$tc$$$ = class com.ibm.websphere.ras.TraceComponent@6d70b9c2
    name = "Prueba"
    isAlive = true
    subElements = null
    attributes = class java.util.concurrent.ConcurrentHashMap@63d2ab2e
      serialVersionUID = 7249069246763182397
      MAXIMUM_CAPACITY = 1073741824
      DEFAULT_CAPACITY = 16
      MAX_ARRAY_SIZE = 2147483639
      DEFAULT_CONCURRENCY_LEVEL = 16
      LOAD_FACTOR = 0.75
      TREEIFY_THRESHOLD = 8
      UNTREEIFY_THRESHOLD = 6
      MIN_TREEIFY_CAPACITY = 64
      MIN_TRANSFER_STRIDE = 16
      RESIZE_STAMP_BITS = 16
      MAX_RESIZERS = 65535
      RESIZE_STAMP_SHIFT = 16
      MOVED = -1
      TREEBIN = -2
      RESERVED = -3
      HASH_BITS = 2147483647
      NCPU = 8
      serialPersistentFields = class java.io.ObjectStreamField[3]
      table = class java.util.concurrent.ConcurrentHashMap$Node[32]
      nextTable = null
      baseCount = 17
      sizeCtl = 24
      transferIndex = 0
      cellsBusy = 0
      counterCells = null
      keySet = null
      values = null
      entrySet = null
      U = class sun.misc.Unsafe@5b4d030b
      SIZECTL = 20
      TRANSFERINDEX = 32
      BASECOUNT = 24
      CELLSBUSY = 36
      CELLVALUE = 144
      ABASE = 16
      ASHIFT = 2
      keySet = null
      values = null
    config = null
    serialVersionUID = -8271459000149267764
    $$$tc$$$ = class com.ibm.websphere.ras.TraceComponent@6d70b9c2
      strings[0] = "TraceComponent[com.ibm.ws.container.AbstractContainer,class com.ibm.ws.container.AbstractContainer,[],null,null]"

