********************************************************************************
product = WebSphere Application Server 19.0.0.10 (wlp-1.0.33.cl191020191002-0300)
wlp.install.dir = /Users/daniel/Documents/Liberty/
java.home = /Library/Java/JavaVirtualMachines/jdk1.8.0_221.jdk/Contents/Home/jre
java.version = 1.8.0_221
java.runtime = Java(TM) SE Runtime Environment (1.8.0_221-b11)
os = Mac OS X (10.14.6; x86_64) (en_CR)
process = 3722@Daniels-MacBook-Pro.local
********************************************************************************
[11/2/19 15:33:10:145 CST] 00000001 com.ibm.ws.kernel.launch.internal.FrameworkManager           A CWWKE0001I: The server Prueba has been launched.
[11/2/19 15:33:10:164 CST] 00000001 com.ibm.ws.kernel.launch.internal.FrameworkManager           A CWWKE0100I: This product is licensed for development, and limited production use. The full license terms can be viewed here: https://public.dhe.ibm.com/ibmdl/export/pub/software/websphere/wasdev/license/base_ilan/ilan/19.0.0.10/lafiles/en.html
[11/2/19 15:33:10:695 CST] 00000001 com.ibm.ws.kernel.launch.internal.FrameworkManager           I CWWKE0002I: The kernel started after 15.738 seconds
[11/2/19 15:33:10:719 CST] 0000001f com.ibm.ws.kernel.feature.internal.FeatureManager            I CWWKF0007I: Feature update started.
[11/2/19 15:33:10:889 CST] 00000013 com.ibm.ws.security.registry.basic.internal.BasicRegistry    W CWWKS3103W: There are no users defined for the BasicRegistry configuration of ID com.ibm.ws.security.registry.basic.config[basic].
[11/2/19 15:33:10:899 CST] 00000013 com.ibm.ws.security.ready.internal.SecurityReadyServiceImpl  I CWWKS0007I: The security service is starting...
[11/2/19 15:33:11:024 CST] 00000017 com.ibm.ws.app.manager.internal.monitor.DropinMonitor        A CWWKZ0058I: Monitoring dropins for applications.
[11/2/19 15:33:11:202 CST] 00000021 com.ibm.ws.tcpchannel.internal.TCPChannel                    I CWWKO0219I: TCP Channel defaultHttpEndpoint has been started and is now listening for requests on host localhost  (IPv4: 127.0.0.1) port 9080.
[11/2/19 15:33:11:368 CST] 00000027 com.ibm.ws.security.ready.internal.SecurityReadyServiceImpl  I CWWKS0008I: The security service is ready.
[11/2/19 15:33:11:368 CST] 00000013 ibm.ws.security.authentication.internal.jaas.JAASServiceImpl I CWWKS1123I: The collective authentication plugin with class name NullCollectiveAuthenticationPlugin has been activated. 
[11/2/19 15:33:11:369 CST] 00000027 com.ibm.ws.security.token.ltpa.internal.LTPAKeyCreateTask    I CWWKS4105I: LTPA configuration is ready after 0.018 seconds.
[11/2/19 15:33:11:472 CST] 0000001b com.ibm.ws.ssl.config.WSKeyStore                             I Successfully loaded default keystore: /Users/daniel/Documents/Liberty/usr/servers/Prueba/resources/security/key.p12 of type: PKCS12
[11/2/19 15:33:11:481 CST] 00000013 com.ibm.ws.tcpchannel.internal.TCPChannel                    I CWWKO0219I: TCP Channel wasJmsEndpoint351 has been started and is now listening for requests on host localhost  (IPv4: 127.0.0.1) port 7276.
[11/2/19 15:33:11:713 CST] 0000002f com.ibm.ws.tcpchannel.internal.TCPChannel                    I CWWKO0219I: TCP Channel defaultHttpEndpoint-ssl has been started and is now listening for requests on host localhost  (IPv4: 127.0.0.1) port 9443.
[11/2/19 15:33:11:716 CST] 0000001b com.ibm.ws.tcpchannel.internal.TCPChannel                    I CWWKO0219I: TCP Channel wasJmsEndpoint351-ssl has been started and is now listening for requests on host localhost  (IPv4: 127.0.0.1) port 7286.
[11/2/19 15:33:17:160 CST] 00000013 com.ibm.ws.sib.utils.ras.SibMessage                          I  CWSID0108I: JMS server has started.  
[11/2/19 15:33:17:269 CST] 00000013 com.ibm.ws.security.jaspi.AuthConfigFactoryWrapper           I CWWKS1655I: The default Java Authentication SPI for Containers (JASPIC) AuthConfigFactory class com.ibm.ws.security.jaspi.ProviderRegistry is being used because the Java security property authconfigprovider.factory is not set. 
[11/2/19 15:33:17:523 CST] 00000013 org.apache.cxf.bus.osgi.CXFActivator                         I Adding the extensions from bundle com.ibm.ws.org.apache.cxf.cxf.rt.ws.addr.2.6.2 (188) [org.apache.cxf.ws.addressing.policy.AddressingAssertionBuilder, org.apache.cxf.ws.addressing.policy.UsingAddressingAssertionBuilder, org.apache.cxf.ws.addressing.policy.AddressingPolicyInterceptorProvider, org.apache.cxf.ws.addressing.impl.AddressingWSDLExtensionLoader, org.apache.cxf.ws.addressing.WSAddressingFeature$WSAddressingFeatureApplier, org.apache.cxf.ws.addressing.MAPAggregator$MAPAggregatorLoader]
[11/2/19 15:33:17:526 CST] 00000013 org.apache.cxf.bus.osgi.CXFActivator                         I Adding the extensions from bundle com.ibm.ws.org.apache.cxf.cxf.rt.bindings.soap.2.6.2 (191) [org.apache.cxf.binding.soap.SoapBindingFactory, org.apache.cxf.binding.soap.SoapTransportFactory]
[11/2/19 15:33:17:527 CST] 00000013 org.apache.cxf.bus.osgi.CXFActivator                         I Adding the extensions from bundle com.ibm.ws.org.apache.cxf.cxf.rt.bindings.xml.2.6.2 (197) [org.apache.cxf.binding.xml.XMLBindingFactory, org.apache.cxf.binding.xml.wsdl11.XMLWSDLExtensionLoader]
[11/2/19 15:33:17:527 CST] 00000013 org.apache.cxf.bus.osgi.CXFActivator                         I Adding the extensions from bundle com.ibm.ws.org.apache.cxf.cxf.rt.frontend.jaxws.2.6.2 (199) [org.apache.cxf.jaxws.context.WebServiceContextResourceResolver]
[11/2/19 15:33:17:528 CST] 00000013 org.apache.cxf.bus.osgi.CXFActivator                         I Adding the extensions from bundle com.ibm.ws.org.apache.cxf.cxf.rt.management.2.6.2 (201) [org.apache.cxf.management.InstrumentationManager]
[11/2/19 15:33:17:528 CST] 00000013 org.apache.cxf.bus.osgi.CXFActivator                         I Adding the extensions from bundle com.ibm.ws.org.apache.cxf.cxf.rt.transports.http.2.6.2 (205) [org.apache.cxf.transport.http.HTTPTransportFactory, org.apache.cxf.transport.http.HTTPWSDLExtensionLoader, org.apache.cxf.transport.http.policy.HTTPClientAssertionBuilder, org.apache.cxf.transport.http.policy.HTTPServerAssertionBuilder, org.apache.cxf.transport.http.policy.NoOpPolicyInterceptorProvider]
[11/2/19 15:33:17:529 CST] 00000013 org.apache.cxf.bus.osgi.CXFActivator                         I Adding the extensions from bundle com.ibm.ws.org.apache.cxf.cxf.rt.ws.policy.2.6.2 (207) [org.apache.cxf.ws.policy.PolicyEngine, org.apache.cxf.policy.PolicyDataEngine, org.apache.cxf.ws.policy.AssertionBuilderRegistry, org.apache.cxf.ws.policy.PolicyInterceptorProviderRegistry, org.apache.cxf.ws.policy.PolicyBuilder, org.apache.cxf.ws.policy.PolicyAnnotationListener, org.apache.cxf.ws.policy.attachment.ServiceModelPolicyProvider, org.apache.cxf.ws.policy.attachment.external.DomainExpressionBuilderRegistry, org.apache.cxf.ws.policy.attachment.external.EndpointReferenceDomainExpressionBuilder, org.apache.cxf.ws.policy.attachment.wsdl11.Wsdl11AttachmentPolicyProvider, org.apache.cxf.ws.policy.mtom.MTOMAssertionBuilder, org.apache.cxf.ws.policy.mtom.MTOMPolicyInterceptorProvider]
[11/2/19 15:33:22:825 CST] 00000013 com.ibm.ws.cache.ServerCache                                 I DYNA1001I: WebSphere Dynamic Cache instance named baseCache initialized successfully.
[11/2/19 15:33:22:827 CST] 00000013 com.ibm.ws.cache.ServerCache                                 I DYNA1071I: The cache provider default is being used.
[11/2/19 15:33:22:828 CST] 00000013 com.ibm.ws.cache.CacheServiceImpl                            I DYNA1056I: Dynamic Cache (object cache) initialized successfully.
[11/2/19 15:33:23:147 CST] 00000052 com.ibm.ws.transport.iiop.internal.ORBWrapperInternal        A CWWKI0001I: The CORBA name server is now available at corbaloc:iiop:localhost:2809/NameService.
[11/2/19 15:33:28:688 CST] 0000002e com.ibm.ws.app.manager.AppMessageHelper                      I CWWKZ0018I: Starting application Prueba.
[11/2/19 15:33:28:689 CST] 0000002e bm.ws.app.manager.war.internal.WARDeployedAppInfoFactoryImpl I CWWKZ0134I: The Prueba application is using the loose application definition at the /Users/daniel/Documents/Liberty/usr/servers/Prueba/apps/Prueba.war.xml location.
[11/2/19 15:33:28:924 CST] 0000002e org.jboss.weld.Version                                       I WELD-000900: 2.4.8 (Final)
[11/2/19 15:33:29:331 CST] 0000002e com.ibm.ws.session.WASSessionCore                            I SESN8501I: The session manager did not find a persistent storage location; HttpSession objects will be stored in the local application server's memory.
[11/2/19 15:33:29:341 CST] 0000002e com.ibm.ws.webcontainer.osgi.webapp.WebGroup                 I SRVE0169I: Loading Web Module: Prueba.
[11/2/19 15:33:29:342 CST] 0000002e com.ibm.ws.webcontainer                                      I SRVE0250I: Web Module Prueba has been bound to default_host.
[11/2/19 15:33:29:343 CST] 0000002e com.ibm.ws.http.internal.VirtualHostImpl                     A CWWKT0016I: Web application available (default_host): http://localhost:9080/Prueba/
[11/2/19 15:33:29:349 CST] 0000002e com.ibm.ws.app.manager.AppMessageHelper                      A CWWKZ0001I: Application Prueba started in 0.661 seconds.
[11/2/19 15:33:29:371 CST] 00000023 com.ibm.ws.session.WASSessionCore                            I SESN0176I: A new session context will be created for application key default_host/Prueba
[11/2/19 15:33:29:378 CST] 00000021 com.ibm.ws.webcontainer.osgi.mbeans.PluginGenerator          I SRVE9103I: A configuration file for a web server plugin was automatically generated for this server at /Users/daniel/Documents/Liberty/usr/servers/Prueba/logs/state/plugin-cfg.xml.
[11/2/19 15:33:29:381 CST] 00000023 com.ibm.ws.util                                              I SESN0172I: The session manager is using the Java default SecureRandom implementation for session ID generation.
[11/2/19 15:33:29:391 CST] 0000001f com.ibm.ws.kernel.feature.internal.FeatureManager            A CWWKF0012I: The server installed the following features: [appClientSupport-1.0, appSecurity-2.0, batch-1.0, beanValidation-1.1, cdi-1.2, concurrent-1.0, distributedMap-1.0, ejb-3.2, ejbHome-3.2, ejbLite-3.2, ejbPersistentTimer-3.2, ejbRemote-3.2, el-3.0, j2eeManagement-1.1, jacc-1.5, jaspic-1.1, javaMail-1.5, javaee-7.0, jaxb-2.2, jaxrs-2.0, jaxrsClient-2.0, jaxws-2.2, jca-1.7, jcaInboundSecurity-1.0, jdbc-4.1, jms-2.0, jndi-1.0, jpa-2.1, jpaContainer-2.1, jsf-2.2, json-1.0, jsonp-1.0, jsp-2.3, localConnector-1.0, managedBeans-1.0, mdb-3.2, servlet-3.1, ssl-1.0, wasJmsClient-2.0, wasJmsSecurity-1.0, wasJmsServer-1.0, webProfile-7.0, websocket-1.1].
[11/2/19 15:33:29:392 CST] 0000001f com.ibm.ws.kernel.feature.internal.FeatureManager            I CWWKF0008I: Feature update completed in 18.697 seconds.
[11/2/19 15:33:29:392 CST] 0000001f com.ibm.ws.kernel.feature.internal.FeatureManager            A CWWKF0011I: The Prueba server is ready to run a smarter planet. The Prueba server started in 34.437 seconds.
[11/2/19 15:33:29:508 CST] 00000023 com.ibm.ws.cache.CacheServiceImpl                            I DYNA1056I: Dynamic Cache (object cache) initialized successfully.
[11/2/19 15:33:37:229 CST] 0000002d .ibm.ws.jaxrs.2.0.common:1.0.33.cl191020191002-0300(id=259)] I Setting the server's publish address to be /
[11/2/19 15:33:37:368 CST] 0000002d com.ibm.ws.webcontainer.servlet                              I SRVE0242I: [Prueba] [/Prueba] [cr.ac.tec.graph.api.resources.RESTApplication]: Initialization successful.
[11/2/19 15:34:12:996 CST] 00000038 org.apache.cxf.jaxrs.utils.JAXRSUtils                        W No operation matching request path "/Prueba/graphs/9fab40f6-c7bd-4289-a991-485597c1ea28" is found on subresource, Relative Path: /, HTTP Method: POST, ContentType: application/json, Accept: */*,. Please enable FINE/TRACE log level for more details.
[11/2/19 15:34:13:002 CST] 00000038 .ibm.ws.jaxrs.2.0.common:1.0.33.cl191020191002-0300(id=259)] W javax.ws.rs.ClientErrorException: HTTP 405 Method Not Allowed
	at org.apache.cxf.jaxrs.utils.SpecExceptions.toHttpException(SpecExceptions.java:117)
	at org.apache.cxf.jaxrs.utils.ExceptionUtils.toHttpException(ExceptionUtils.java:169)
	at org.apache.cxf.jaxrs.utils.JAXRSUtils.findTargetMethod(JAXRSUtils.java:549)
	at org.apache.cxf.jaxrs.utils.JAXRSUtils.findTargetMethod(JAXRSUtils.java:378)
	at org.apache.cxf.jaxrs.JAXRSInvoker.invoke(JAXRSInvoker.java:249)
	at com.ibm.ws.jaxrs20.server.LibertyJaxRsInvoker.invoke(LibertyJaxRsInvoker.java:444)
	at org.apache.cxf.jaxrs.JAXRSInvoker.invoke(JAXRSInvoker.java:101)
	at org.apache.cxf.interceptor.ServiceInvokerInterceptor$1.run(ServiceInvokerInterceptor.java:61)
	at org.apache.cxf.interceptor.ServiceInvokerInterceptor.handleMessage(ServiceInvokerInterceptor.java:99)
	at org.apache.cxf.phase.PhaseInterceptorChain.doIntercept(PhaseInterceptorChain.java:309)
	at org.apache.cxf.transport.ChainInitiationObserver.onMessage(ChainInitiationObserver.java:124)
	at org.apache.cxf.transport.http.AbstractHTTPDestination.invoke(AbstractHTTPDestination.java:271)
	at com.ibm.ws.jaxrs20.endpoint.AbstractJaxRsWebEndpoint.invoke(AbstractJaxRsWebEndpoint.java:134)
	at com.ibm.websphere.jaxrs.server.IBMRestServlet.handleRequest(IBMRestServlet.java:146)
	at com.ibm.websphere.jaxrs.server.IBMRestServlet.doPost(IBMRestServlet.java:104)
	at javax.servlet.http.HttpServlet.service(HttpServlet.java:707)
	at com.ibm.websphere.jaxrs.server.IBMRestServlet.service(IBMRestServlet.java:96)
	at com.ibm.ws.webcontainer.servlet.ServletWrapper.service(ServletWrapper.java:1230)
	at com.ibm.ws.webcontainer.servlet.ServletWrapper.handleRequest(ServletWrapper.java:729)
	at com.ibm.ws.webcontainer.servlet.ServletWrapper.handleRequest(ServletWrapper.java:426)
	at com.ibm.ws.webcontainer.filter.WebAppFilterChain.invokeTarget(WebAppFilterChain.java:182)
	at com.ibm.ws.webcontainer.filter.WebAppFilterChain.doFilter(WebAppFilterChain.java:93)
	at com.ibm.ws.security.jaspi.JaspiServletFilter.doFilter(JaspiServletFilter.java:56)
	at com.ibm.ws.webcontainer.filter.FilterInstanceWrapper.doFilter(FilterInstanceWrapper.java:201)
	at com.ibm.ws.webcontainer.filter.WebAppFilterChain.doFilter(WebAppFilterChain.java:90)
	at com.ibm.ws.webcontainer.filter.WebAppFilterManager.doFilter(WebAppFilterManager.java:993)
	at com.ibm.ws.webcontainer.filter.WebAppFilterManager.invokeFilters(WebAppFilterManager.java:1131)
	at com.ibm.ws.webcontainer.webapp.WebApp.handleRequest(WebApp.java:4993)
	at com.ibm.ws.webcontainer.osgi.DynamicVirtualHost$2.handleRequest(DynamicVirtualHost.java:314)
	at com.ibm.ws.webcontainer.WebContainer.handleRequest(WebContainer.java:1007)
	at com.ibm.ws.webcontainer.osgi.DynamicVirtualHost$2.run(DynamicVirtualHost.java:279)
	at com.ibm.ws.http.dispatcher.internal.channel.HttpDispatcherLink$TaskWrapper.run(HttpDispatcherLink.java:1136)
	at com.ibm.ws.http.dispatcher.internal.channel.HttpDispatcherLink.wrapHandlerAndExecute(HttpDispatcherLink.java:417)
	at com.ibm.ws.http.dispatcher.internal.channel.HttpDispatcherLink.ready(HttpDispatcherLink.java:376)
	at com.ibm.ws.http.channel.internal.inbound.HttpInboundLink.handleDiscrimination(HttpInboundLink.java:547)
	at com.ibm.ws.http.channel.internal.inbound.HttpInboundLink.handleNewRequest(HttpInboundLink.java:481)
	at com.ibm.ws.http.channel.internal.inbound.HttpInboundLink.processRequest(HttpInboundLink.java:346)
	at com.ibm.ws.http.channel.internal.inbound.HttpICLReadCallback.complete(HttpICLReadCallback.java:70)
	at com.ibm.ws.tcpchannel.internal.WorkQueueManager.requestComplete(WorkQueueManager.java:503)
	at com.ibm.ws.tcpchannel.internal.WorkQueueManager.attemptIO(WorkQueueManager.java:573)
	at com.ibm.ws.tcpchannel.internal.WorkQueueManager.workerRun(WorkQueueManager.java:954)
	at com.ibm.ws.tcpchannel.internal.WorkQueueManager$Worker.run(WorkQueueManager.java:1043)
	at com.ibm.ws.threading.internal.ExecutorServiceImpl$RunnableWrapper.run(ExecutorServiceImpl.java:239)
	at java.util.concurrent.ThreadPoolExecutor.runWorker(ThreadPoolExecutor.java:1149)
	at java.util.concurrent.ThreadPoolExecutor$Worker.run(ThreadPoolExecutor.java:624)
	at java.lang.Thread.run(Thread.java:748)

[11/3/19 10:33:16:219 CST] 0000008e com.ibm.ws.runtime.update.internal.RuntimeUpdateManagerImpl  A CWWKE1100I: Waiting for up to 30 seconds for the server to quiesce.
[11/3/19 10:33:16:226 CST] 00000082 com.ibm.ws.tcpchannel.internal.TCPChannel                    I CWWKO0220I: TCP Channel defaultHttpEndpoint-ssl has stopped listening for requests on host localhost  (IPv4: 127.0.0.1) port 9443.
[11/3/19 10:33:16:229 CST] 00000082 com.ibm.ws.tcpchannel.internal.TCPChannel                    I CWWKO0220I: TCP Channel wasJmsEndpoint351 has stopped listening for requests on host localhost  (IPv4: 127.0.0.1) port 7276.
[11/3/19 10:33:16:230 CST] 00000082 com.ibm.ws.tcpchannel.internal.TCPChannel                    I CWWKO0220I: TCP Channel defaultHttpEndpoint has stopped listening for requests on host localhost  (IPv4: 127.0.0.1) port 9080.
[11/3/19 10:33:16:231 CST] 00000082 com.ibm.ws.http.internal.VirtualHostImpl                     A CWWKT0017I: Web application removed (default_host): http://localhost:9080/Prueba/
[11/3/19 10:33:16:232 CST] 00000082 com.ibm.ws.tcpchannel.internal.TCPChannel                    I CWWKO0220I: TCP Channel wasJmsEndpoint351-ssl has stopped listening for requests on host localhost  (IPv4: 127.0.0.1) port 7286.
[11/3/19 10:33:16:260 CST] 0000008e .jbatch.container.services.impl.MemoryPersistenceManagerImpl I CWWKY0005I: The batch In-Memory persistence service is activated.
[11/3/19 10:33:16:261 CST] 0000008e com.ibm.jbatch.container.impl.BatchKernelImpl                I CWWKY0008I: The batch feature is using persistence type In-Memory.
[11/3/19 10:33:17:238 CST] 0000008e com.ibm.ws.runtime.update.internal.RuntimeUpdateManagerImpl  I CWWKE1101I: Server quiesce complete.
[11/3/19 10:33:17:268 CST] 00000077 com.ibm.ws.webcontainer.servlet                              I SRVE0253I: [Prueba] [/Prueba] [cr.ac.tec.graph.api.resources.RESTApplication]: Destroy successful.
[11/3/19 10:33:17:280 CST] 00000077 com.ibm.ws.app.manager.AppMessageHelper                      A CWWKZ0009I: The application Prueba has stopped successfully.
[11/3/19 10:33:17:325 CST] 0000008e .jbatch.container.services.impl.MemoryPersistenceManagerImpl I CWWKY0005I: The batch In-Memory persistence service is deactivated.
[11/3/19 10:33:17:365 CST] 00000090 org.apache.yoko.orb.OCI.Transport                            I shutdown: iiop transport using socket Socket[addr=/127.0.0.1,port=64017,localport=2809]
[11/3/19 10:33:17:393 CST] 00000090 org.apache.yoko.orb.OCI.Transport                            I shutdown: iiop transport using socket 5af9b608[SSL_NULL_WITH_NULL_NULL: Socket[addr=/127.0.0.1,port=64018,localport=9402]]
[11/3/19 10:33:17:397 CST] 0000008e com.ibm.ws.transport.iiop.internal.ORBWrapperInternal        A CWWKI0002I: The CORBA name server is no longer available at corbaloc:iiop:localhost:2809/NameService.
[11/3/19 10:33:17:533 CST] 0000008e com.ibm.ws.sib.utils.ras.SibMessage                          I  CWSIS1589I: The file store has stopped successfully.
[11/3/19 10:33:17:648 CST] 0000008e com.ibm.ws.sib.utils.ras.SibMessage                          I  CWSID0121I: JMS server stopped.  
[11/3/19 10:33:17:747 CST] 0000008e com.ibm.ws.security.ready.internal.SecurityReadyServiceImpl  I CWWKS0009I: The security service has stopped.
[11/3/19 10:33:17:754 CST] 0000008e ibm.ws.security.authentication.internal.jaas.JAASServiceImpl I CWWKS1124I: The collective authentication plugin with class name NullCollectiveAuthenticationPlugin has been deactivated. 
[11/3/19 10:33:17:764 CST] 0000008e org.apache.cxf.bus.osgi.CXFActivator                         I Removing the extensions for bundle 197
[11/3/19 10:33:17:764 CST] 0000008e org.apache.cxf.bus.osgi.CXFActivator                         I Removing the extensions for bundle 199
[11/3/19 10:33:17:764 CST] 0000008e org.apache.cxf.bus.osgi.CXFActivator                         I Removing the extensions for bundle 201
[11/3/19 10:33:17:765 CST] 0000008e org.apache.cxf.bus.osgi.CXFActivator                         I Removing the extensions for bundle 205
[11/3/19 10:33:17:765 CST] 0000008e org.apache.cxf.bus.osgi.CXFActivator                         I Removing the extensions for bundle 207
[11/3/19 10:33:17:765 CST] 0000008e org.apache.cxf.bus.osgi.CXFActivator                         I Removing the extensions for bundle 188
[11/3/19 10:33:17:765 CST] 0000008e org.apache.cxf.bus.osgi.CXFActivator                         I Removing the extensions for bundle 191
[11/3/19 10:33:17:938 CST] 00000001 com.ibm.ws.kernel.launch.internal.FrameworkManager           A CWWKE0036I: The server Prueba stopped after 22 minutes, 42.988 seconds.
